mode: set
github.com/go-park-mail-ru/2023_2_Umlaut/pkg/handler/auth.go:20.66,23.47 3 1
github.com/go-park-mail-ru/2023_2_Umlaut/pkg/handler/auth.go:23.47,26.3 2 1
github.com/go-park-mail-ru/2023_2_Umlaut/pkg/handler/auth.go:28.2,28.46 1 1
github.com/go-park-mail-ru/2023_2_Umlaut/pkg/handler/auth.go:28.46,31.3 2 1
github.com/go-park-mail-ru/2023_2_Umlaut/pkg/handler/auth.go:33.2,34.16 2 1
github.com/go-park-mail-ru/2023_2_Umlaut/pkg/handler/auth.go:34.16,37.3 2 1
github.com/go-park-mail-ru/2023_2_Umlaut/pkg/handler/auth.go:38.2,39.16 2 1
github.com/go-park-mail-ru/2023_2_Umlaut/pkg/handler/auth.go:39.16,42.3 2 0
github.com/go-park-mail-ru/2023_2_Umlaut/pkg/handler/auth.go:43.2,44.44 2 1
github.com/go-park-mail-ru/2023_2_Umlaut/pkg/handler/auth.go:55.66,57.38 2 1
github.com/go-park-mail-ru/2023_2_Umlaut/pkg/handler/auth.go:57.38,60.3 2 1
github.com/go-park-mail-ru/2023_2_Umlaut/pkg/handler/auth.go:61.2,61.89 1 1
github.com/go-park-mail-ru/2023_2_Umlaut/pkg/handler/auth.go:61.89,64.3 2 1
github.com/go-park-mail-ru/2023_2_Umlaut/pkg/handler/auth.go:65.2,69.44 4 1
github.com/go-park-mail-ru/2023_2_Umlaut/pkg/handler/auth.go:81.66,84.47 3 1
github.com/go-park-mail-ru/2023_2_Umlaut/pkg/handler/auth.go:84.47,87.3 2 1
github.com/go-park-mail-ru/2023_2_Umlaut/pkg/handler/auth.go:89.2,89.66 1 1
github.com/go-park-mail-ru/2023_2_Umlaut/pkg/handler/auth.go:89.66,92.3 2 1
github.com/go-park-mail-ru/2023_2_Umlaut/pkg/handler/auth.go:94.2,97.16 3 1
github.com/go-park-mail-ru/2023_2_Umlaut/pkg/handler/auth.go:97.16,100.3 2 1
github.com/go-park-mail-ru/2023_2_Umlaut/pkg/handler/auth.go:102.2,103.16 2 1
github.com/go-park-mail-ru/2023_2_Umlaut/pkg/handler/auth.go:103.16,106.3 2 0
github.com/go-park-mail-ru/2023_2_Umlaut/pkg/handler/auth.go:107.2,109.60 2 1
github.com/go-park-mail-ru/2023_2_Umlaut/pkg/handler/auth.go:112.44,122.2 1 1
github.com/go-park-mail-ru/2023_2_Umlaut/pkg/handler/dialog.go:15.70,19.16 3 1
github.com/go-park-mail-ru/2023_2_Umlaut/pkg/handler/dialog.go:19.16,22.3 2 1
github.com/go-park-mail-ru/2023_2_Umlaut/pkg/handler/dialog.go:24.2,24.54 1 1
github.com/go-park-mail-ru/2023_2_Umlaut/pkg/handler/feed.go:15.64,17.16 2 1
github.com/go-park-mail-ru/2023_2_Umlaut/pkg/handler/feed.go:17.16,20.3 2 1
github.com/go-park-mail-ru/2023_2_Umlaut/pkg/handler/feed.go:21.2,21.50 1 1
github.com/go-park-mail-ru/2023_2_Umlaut/pkg/handler/feed.go:31.72,33.16 2 1
github.com/go-park-mail-ru/2023_2_Umlaut/pkg/handler/feed.go:33.16,36.3 2 1
github.com/go-park-mail-ru/2023_2_Umlaut/pkg/handler/feed.go:38.2,38.56 1 1
github.com/go-park-mail-ru/2023_2_Umlaut/pkg/handler/like.go:19.70,22.46 3 1
github.com/go-park-mail-ru/2023_2_Umlaut/pkg/handler/like.go:22.46,25.3 2 1
github.com/go-park-mail-ru/2023_2_Umlaut/pkg/handler/like.go:26.2,30.16 4 1
github.com/go-park-mail-ru/2023_2_Umlaut/pkg/handler/like.go:30.16,31.42 1 1
github.com/go-park-mail-ru/2023_2_Umlaut/pkg/handler/like.go:31.42,34.4 2 1
github.com/go-park-mail-ru/2023_2_Umlaut/pkg/handler/like.go:35.3,35.39 1 1
github.com/go-park-mail-ru/2023_2_Umlaut/pkg/handler/like.go:35.39,38.4 2 1
github.com/go-park-mail-ru/2023_2_Umlaut/pkg/handler/like.go:39.3,40.9 2 1
github.com/go-park-mail-ru/2023_2_Umlaut/pkg/handler/like.go:42.2,42.44 1 1
github.com/go-park-mail-ru/2023_2_Umlaut/pkg/handler/tag.go:13.70,15.16 2 1
github.com/go-park-mail-ru/2023_2_Umlaut/pkg/handler/tag.go:15.16,18.3 2 1
github.com/go-park-mail-ru/2023_2_Umlaut/pkg/handler/tag.go:20.2,20.51 1 1
github.com/go-park-mail-ru/2023_2_Umlaut/pkg/handler/user.go:22.64,25.16 3 1
github.com/go-park-mail-ru/2023_2_Umlaut/pkg/handler/user.go:25.16,28.3 2 1
github.com/go-park-mail-ru/2023_2_Umlaut/pkg/handler/user.go:30.2,33.16 4 1
github.com/go-park-mail-ru/2023_2_Umlaut/pkg/handler/user.go:33.16,36.3 2 0
github.com/go-park-mail-ru/2023_2_Umlaut/pkg/handler/user.go:37.2,40.53 3 1
github.com/go-park-mail-ru/2023_2_Umlaut/pkg/handler/user.go:52.70,55.46 3 1
github.com/go-park-mail-ru/2023_2_Umlaut/pkg/handler/user.go:55.46,58.3 2 1
github.com/go-park-mail-ru/2023_2_Umlaut/pkg/handler/user.go:60.2,62.16 3 1
github.com/go-park-mail-ru/2023_2_Umlaut/pkg/handler/user.go:62.16,63.42 1 1
github.com/go-park-mail-ru/2023_2_Umlaut/pkg/handler/user.go:63.42,66.4 2 1
github.com/go-park-mail-ru/2023_2_Umlaut/pkg/handler/user.go:67.3,67.40 1 1
github.com/go-park-mail-ru/2023_2_Umlaut/pkg/handler/user.go:67.40,70.4 2 1
github.com/go-park-mail-ru/2023_2_Umlaut/pkg/handler/user.go:71.3,72.9 2 1
github.com/go-park-mail-ru/2023_2_Umlaut/pkg/handler/user.go:75.2,75.53 1 1
github.com/go-park-mail-ru/2023_2_Umlaut/pkg/handler/user.go:86.75,90.16 4 1
github.com/go-park-mail-ru/2023_2_Umlaut/pkg/handler/user.go:90.16,93.3 2 1
github.com/go-park-mail-ru/2023_2_Umlaut/pkg/handler/user.go:94.2,97.16 3 0
github.com/go-park-mail-ru/2023_2_Umlaut/pkg/handler/user.go:97.16,100.3 2 0
github.com/go-park-mail-ru/2023_2_Umlaut/pkg/handler/user.go:101.2,101.34 1 0
github.com/go-park-mail-ru/2023_2_Umlaut/pkg/handler/user.go:101.34,103.17 2 0
github.com/go-park-mail-ru/2023_2_Umlaut/pkg/handler/user.go:103.17,106.4 2 0
github.com/go-park-mail-ru/2023_2_Umlaut/pkg/handler/user.go:109.2,110.16 2 0
github.com/go-park-mail-ru/2023_2_Umlaut/pkg/handler/user.go:110.16,113.3 2 0
github.com/go-park-mail-ru/2023_2_Umlaut/pkg/handler/user.go:114.2,114.44 1 0
github.com/go-park-mail-ru/2023_2_Umlaut/pkg/handler/user.go:124.72,126.16 2 0
github.com/go-park-mail-ru/2023_2_Umlaut/pkg/handler/user.go:126.16,129.3 2 0
github.com/go-park-mail-ru/2023_2_Umlaut/pkg/handler/user.go:131.2,132.16 2 0
github.com/go-park-mail-ru/2023_2_Umlaut/pkg/handler/user.go:132.16,135.3 2 0
github.com/go-park-mail-ru/2023_2_Umlaut/pkg/handler/user.go:137.2,137.34 1 0
github.com/go-park-mail-ru/2023_2_Umlaut/pkg/handler/user.go:137.34,140.3 2 0
github.com/go-park-mail-ru/2023_2_Umlaut/pkg/handler/user.go:141.2,142.16 2 0
github.com/go-park-mail-ru/2023_2_Umlaut/pkg/handler/user.go:142.16,145.3 2 0
github.com/go-park-mail-ru/2023_2_Umlaut/pkg/handler/user.go:147.2,149.17 3 0
github.com/go-park-mail-ru/2023_2_Umlaut/pkg/handler/user.go:158.75,161.16 3 1
github.com/go-park-mail-ru/2023_2_Umlaut/pkg/handler/user.go:161.16,164.3 2 1
github.com/go-park-mail-ru/2023_2_Umlaut/pkg/handler/user.go:166.2,166.34 1 1
github.com/go-park-mail-ru/2023_2_Umlaut/pkg/handler/user.go:166.34,169.3 2 1
github.com/go-park-mail-ru/2023_2_Umlaut/pkg/handler/user.go:170.2,171.16 2 1
github.com/go-park-mail-ru/2023_2_Umlaut/pkg/handler/user.go:171.16,174.3 2 1
github.com/go-park-mail-ru/2023_2_Umlaut/pkg/handler/user.go:175.2,175.44 1 1
github.com/go-park-mail-ru/2023_2_Umlaut/pkg/repository/dialog_postgres.go:20.58,22.2 1 0
github.com/go-park-mail-ru/2023_2_Umlaut/pkg/repository/dialog_postgres.go:24.94,25.37 1 0
github.com/go-park-mail-ru/2023_2_Umlaut/pkg/repository/dialog_postgres.go:25.37,29.3 3 0
github.com/go-park-mail-ru/2023_2_Umlaut/pkg/repository/dialog_postgres.go:31.2,37.16 3 0
github.com/go-park-mail-ru/2023_2_Umlaut/pkg/repository/dialog_postgres.go:37.16,39.3 1 0
github.com/go-park-mail-ru/2023_2_Umlaut/pkg/repository/dialog_postgres.go:41.2,44.16 4 0
github.com/go-park-mail-ru/2023_2_Umlaut/pkg/repository/dialog_postgres.go:44.16,45.86 1 0
github.com/go-park-mail-ru/2023_2_Umlaut/pkg/repository/dialog_postgres.go:45.86,47.4 1 0
github.com/go-park-mail-ru/2023_2_Umlaut/pkg/repository/dialog_postgres.go:49.2,49.16 1 0
github.com/go-park-mail-ru/2023_2_Umlaut/pkg/repository/dialog_postgres.go:52.94,69.16 2 0
github.com/go-park-mail-ru/2023_2_Umlaut/pkg/repository/dialog_postgres.go:69.16,71.3 1 0
github.com/go-park-mail-ru/2023_2_Umlaut/pkg/repository/dialog_postgres.go:73.2,75.16 2 0
github.com/go-park-mail-ru/2023_2_Umlaut/pkg/repository/dialog_postgres.go:75.16,77.3 1 0
github.com/go-park-mail-ru/2023_2_Umlaut/pkg/repository/dialog_postgres.go:78.2,80.18 3 0
github.com/go-park-mail-ru/2023_2_Umlaut/pkg/repository/dialog_postgres.go:80.18,83.36 3 0
github.com/go-park-mail-ru/2023_2_Umlaut/pkg/repository/dialog_postgres.go:83.36,85.4 1 0
github.com/go-park-mail-ru/2023_2_Umlaut/pkg/repository/dialog_postgres.go:86.3,86.31 1 0
github.com/go-park-mail-ru/2023_2_Umlaut/pkg/repository/dialog_postgres.go:86.31,89.4 2 0
github.com/go-park-mail-ru/2023_2_Umlaut/pkg/repository/dialog_postgres.go:90.3,90.36 1 0
github.com/go-park-mail-ru/2023_2_Umlaut/pkg/repository/dialog_postgres.go:92.2,92.34 1 0
github.com/go-park-mail-ru/2023_2_Umlaut/pkg/repository/dialog_postgres.go:92.34,94.3 1 0
github.com/go-park-mail-ru/2023_2_Umlaut/pkg/repository/dialog_postgres.go:96.2,96.21 1 0
github.com/go-park-mail-ru/2023_2_Umlaut/pkg/repository/dialog_postgres.go:99.58,107.2 2 0
github.com/go-park-mail-ru/2023_2_Umlaut/pkg/repository/like_postgres.go:20.54,22.2 1 0
github.com/go-park-mail-ru/2023_2_Umlaut/pkg/repository/like_postgres.go:24.93,25.45 1 0
github.com/go-park-mail-ru/2023_2_Umlaut/pkg/repository/like_postgres.go:25.45,29.3 3 0
github.com/go-park-mail-ru/2023_2_Umlaut/pkg/repository/like_postgres.go:31.2,36.16 2 0
github.com/go-park-mail-ru/2023_2_Umlaut/pkg/repository/like_postgres.go:36.16,38.3 1 0
github.com/go-park-mail-ru/2023_2_Umlaut/pkg/repository/like_postgres.go:40.2,44.16 5 0
github.com/go-park-mail-ru/2023_2_Umlaut/pkg/repository/like_postgres.go:44.16,45.86 1 0
github.com/go-park-mail-ru/2023_2_Umlaut/pkg/repository/like_postgres.go:45.86,47.4 1 0
github.com/go-park-mail-ru/2023_2_Umlaut/pkg/repository/like_postgres.go:50.2,50.21 1 0
github.com/go-park-mail-ru/2023_2_Umlaut/pkg/repository/like_postgres.go:53.89,54.45 1 0
github.com/go-park-mail-ru/2023_2_Umlaut/pkg/repository/like_postgres.go:54.45,58.3 3 0
github.com/go-park-mail-ru/2023_2_Umlaut/pkg/repository/like_postgres.go:60.2,64.16 2 0
github.com/go-park-mail-ru/2023_2_Umlaut/pkg/repository/like_postgres.go:64.16,66.3 1 0
github.com/go-park-mail-ru/2023_2_Umlaut/pkg/repository/like_postgres.go:68.2,70.35 3 0
github.com/go-park-mail-ru/2023_2_Umlaut/pkg/repository/like_postgres.go:70.35,72.3 1 0
github.com/go-park-mail-ru/2023_2_Umlaut/pkg/repository/like_postgres.go:74.2,74.18 1 0
github.com/go-park-mail-ru/2023_2_Umlaut/pkg/repository/like_postgres.go:77.52,84.2 2 0
github.com/go-park-mail-ru/2023_2_Umlaut/pkg/repository/minio.go:15.62,20.16 2 0
github.com/go-park-mail-ru/2023_2_Umlaut/pkg/repository/minio.go:20.16,22.3 1 0
github.com/go-park-mail-ru/2023_2_Umlaut/pkg/repository/minio.go:24.2,24.20 1 0
github.com/go-park-mail-ru/2023_2_Umlaut/pkg/repository/minio_provider.go:16.60,18.2 1 0
github.com/go-park-mail-ru/2023_2_Umlaut/pkg/repository/minio_provider.go:20.133,29.16 2 0
github.com/go-park-mail-ru/2023_2_Umlaut/pkg/repository/minio_provider.go:29.16,31.3 1 0
github.com/go-park-mail-ru/2023_2_Umlaut/pkg/repository/minio_provider.go:32.2,32.12 1 0
github.com/go-park-mail-ru/2023_2_Umlaut/pkg/repository/minio_provider.go:35.107,42.16 2 0
github.com/go-park-mail-ru/2023_2_Umlaut/pkg/repository/minio_provider.go:42.16,44.3 1 0
github.com/go-park-mail-ru/2023_2_Umlaut/pkg/repository/minio_provider.go:45.2,48.16 3 0
github.com/go-park-mail-ru/2023_2_Umlaut/pkg/repository/minio_provider.go:48.16,50.3 1 0
github.com/go-park-mail-ru/2023_2_Umlaut/pkg/repository/minio_provider.go:51.2,53.33 3 0
github.com/go-park-mail-ru/2023_2_Umlaut/pkg/repository/minio_provider.go:53.33,55.3 1 0
github.com/go-park-mail-ru/2023_2_Umlaut/pkg/repository/minio_provider.go:57.2,57.44 1 0
github.com/go-park-mail-ru/2023_2_Umlaut/pkg/repository/minio_provider.go:60.92,62.16 2 0
github.com/go-park-mail-ru/2023_2_Umlaut/pkg/repository/minio_provider.go:62.16,64.3 1 0
github.com/go-park-mail-ru/2023_2_Umlaut/pkg/repository/minio_provider.go:66.2,66.12 1 0
github.com/go-park-mail-ru/2023_2_Umlaut/pkg/repository/minio_provider.go:69.84,71.16 2 0
github.com/go-park-mail-ru/2023_2_Umlaut/pkg/repository/minio_provider.go:71.16,73.3 1 0
github.com/go-park-mail-ru/2023_2_Umlaut/pkg/repository/minio_provider.go:74.2,74.12 1 0
github.com/go-park-mail-ru/2023_2_Umlaut/pkg/repository/minio_provider.go:74.12,76.3 1 0
github.com/go-park-mail-ru/2023_2_Umlaut/pkg/repository/minio_provider.go:77.2,78.16 2 0
github.com/go-park-mail-ru/2023_2_Umlaut/pkg/repository/minio_provider.go:78.16,80.3 1 0
github.com/go-park-mail-ru/2023_2_Umlaut/pkg/repository/minio_provider.go:81.2,81.12 1 0
github.com/go-park-mail-ru/2023_2_Umlaut/pkg/repository/postgres.go:25.84,28.16 2 0
github.com/go-park-mail-ru/2023_2_Umlaut/pkg/repository/postgres.go:28.16,30.3 1 0
github.com/go-park-mail-ru/2023_2_Umlaut/pkg/repository/postgres.go:32.2,32.36 1 0
github.com/go-park-mail-ru/2023_2_Umlaut/pkg/repository/postgres.go:32.36,34.3 1 0
github.com/go-park-mail-ru/2023_2_Umlaut/pkg/repository/postgres.go:36.2,36.16 1 0
github.com/go-park-mail-ru/2023_2_Umlaut/pkg/repository/redis.go:15.61,23.16 3 0
github.com/go-park-mail-ru/2023_2_Umlaut/pkg/repository/redis.go:23.16,25.3 1 0
github.com/go-park-mail-ru/2023_2_Umlaut/pkg/repository/redis.go:26.2,26.20 1 0
github.com/go-park-mail-ru/2023_2_Umlaut/pkg/repository/redis_store.go:15.54,17.2 1 0
github.com/go-park-mail-ru/2023_2_Umlaut/pkg/repository/redis_store.go:19.104,20.67 1 0
github.com/go-park-mail-ru/2023_2_Umlaut/pkg/repository/redis_store.go:20.67,22.3 1 0
github.com/go-park-mail-ru/2023_2_Umlaut/pkg/repository/redis_store.go:23.2,23.12 1 0
github.com/go-park-mail-ru/2023_2_Umlaut/pkg/repository/redis_store.go:26.79,28.16 2 0
github.com/go-park-mail-ru/2023_2_Umlaut/pkg/repository/redis_store.go:28.16,30.3 1 0
github.com/go-park-mail-ru/2023_2_Umlaut/pkg/repository/redis_store.go:31.2,32.16 2 0
github.com/go-park-mail-ru/2023_2_Umlaut/pkg/repository/redis_store.go:32.16,34.3 1 0
github.com/go-park-mail-ru/2023_2_Umlaut/pkg/repository/redis_store.go:35.2,35.20 1 0
github.com/go-park-mail-ru/2023_2_Umlaut/pkg/repository/redis_store.go:38.75,40.16 2 0
github.com/go-park-mail-ru/2023_2_Umlaut/pkg/repository/redis_store.go:40.16,42.3 1 0
github.com/go-park-mail-ru/2023_2_Umlaut/pkg/repository/redis_store.go:43.2,43.12 1 0
github.com/go-park-mail-ru/2023_2_Umlaut/pkg/repository/tag_postgres.go:16.52,18.2 1 0
github.com/go-park-mail-ru/2023_2_Umlaut/pkg/repository/tag_postgres.go:20.73,24.16 3 0
github.com/go-park-mail-ru/2023_2_Umlaut/pkg/repository/tag_postgres.go:24.16,26.3 1 0
github.com/go-park-mail-ru/2023_2_Umlaut/pkg/repository/tag_postgres.go:28.2,29.16 2 0
github.com/go-park-mail-ru/2023_2_Umlaut/pkg/repository/tag_postgres.go:29.16,31.3 1 0
github.com/go-park-mail-ru/2023_2_Umlaut/pkg/repository/tag_postgres.go:32.2,35.16 3 0
github.com/go-park-mail-ru/2023_2_Umlaut/pkg/repository/tag_postgres.go:35.16,37.3 1 0
github.com/go-park-mail-ru/2023_2_Umlaut/pkg/repository/tag_postgres.go:39.2,39.18 1 0
github.com/go-park-mail-ru/2023_2_Umlaut/pkg/repository/tag_postgres.go:42.52,44.18 2 0
github.com/go-park-mail-ru/2023_2_Umlaut/pkg/repository/tag_postgres.go:44.18,47.36 3 0
github.com/go-park-mail-ru/2023_2_Umlaut/pkg/repository/tag_postgres.go:47.36,49.4 1 0
github.com/go-park-mail-ru/2023_2_Umlaut/pkg/repository/tag_postgres.go:50.3,50.30 1 0
github.com/go-park-mail-ru/2023_2_Umlaut/pkg/repository/tag_postgres.go:52.2,52.16 1 0
github.com/go-park-mail-ru/2023_2_Umlaut/pkg/repository/tag_postgres.go:52.16,54.3 1 0
github.com/go-park-mail-ru/2023_2_Umlaut/pkg/repository/tag_postgres.go:55.2,55.23 1 0
github.com/go-park-mail-ru/2023_2_Umlaut/pkg/repository/tag_postgres.go:55.23,57.3 1 0
github.com/go-park-mail-ru/2023_2_Umlaut/pkg/repository/tag_postgres.go:59.2,59.12 1 0
github.com/go-park-mail-ru/2023_2_Umlaut/pkg/repository/user_postgres.go:21.54,23.2 1 0
github.com/go-park-mail-ru/2023_2_Umlaut/pkg/repository/user_postgres.go:25.86,32.16 3 0
github.com/go-park-mail-ru/2023_2_Umlaut/pkg/repository/user_postgres.go:32.16,34.3 1 0
github.com/go-park-mail-ru/2023_2_Umlaut/pkg/repository/user_postgres.go:36.2,39.16 4 0
github.com/go-park-mail-ru/2023_2_Umlaut/pkg/repository/user_postgres.go:39.16,40.86 1 0
github.com/go-park-mail-ru/2023_2_Umlaut/pkg/repository/user_postgres.go:40.86,42.4 1 0
github.com/go-park-mail-ru/2023_2_Umlaut/pkg/repository/user_postgres.go:43.3,43.16 1 0
github.com/go-park-mail-ru/2023_2_Umlaut/pkg/repository/user_postgres.go:45.2,45.16 1 0
github.com/go-park-mail-ru/2023_2_Umlaut/pkg/repository/user_postgres.go:48.86,53.16 3 0
github.com/go-park-mail-ru/2023_2_Umlaut/pkg/repository/user_postgres.go:53.16,55.3 1 0
github.com/go-park-mail-ru/2023_2_Umlaut/pkg/repository/user_postgres.go:57.2,60.35 3 0
github.com/go-park-mail-ru/2023_2_Umlaut/pkg/repository/user_postgres.go:60.35,62.3 1 0
github.com/go-park-mail-ru/2023_2_Umlaut/pkg/repository/user_postgres.go:64.2,64.18 1 0
github.com/go-park-mail-ru/2023_2_Umlaut/pkg/repository/user_postgres.go:67.85,72.16 3 0
github.com/go-park-mail-ru/2023_2_Umlaut/pkg/repository/user_postgres.go:72.16,74.3 1 0
github.com/go-park-mail-ru/2023_2_Umlaut/pkg/repository/user_postgres.go:76.2,79.35 3 0
github.com/go-park-mail-ru/2023_2_Umlaut/pkg/repository/user_postgres.go:79.35,81.3 1 0
github.com/go-park-mail-ru/2023_2_Umlaut/pkg/repository/user_postgres.go:83.2,83.18 1 0
github.com/go-park-mail-ru/2023_2_Umlaut/pkg/repository/user_postgres.go:86.94,89.30 3 0
github.com/go-park-mail-ru/2023_2_Umlaut/pkg/repository/user_postgres.go:89.30,91.3 1 0
github.com/go-park-mail-ru/2023_2_Umlaut/pkg/repository/user_postgres.go:92.2,95.16 3 0
github.com/go-park-mail-ru/2023_2_Umlaut/pkg/repository/user_postgres.go:95.16,97.3 1 0
github.com/go-park-mail-ru/2023_2_Umlaut/pkg/repository/user_postgres.go:99.2,102.35 3 0
github.com/go-park-mail-ru/2023_2_Umlaut/pkg/repository/user_postgres.go:102.35,104.3 1 0
github.com/go-park-mail-ru/2023_2_Umlaut/pkg/repository/user_postgres.go:106.2,106.22 1 0
github.com/go-park-mail-ru/2023_2_Umlaut/pkg/repository/user_postgres.go:109.93,124.16 2 0
github.com/go-park-mail-ru/2023_2_Umlaut/pkg/repository/user_postgres.go:124.16,126.3 1 0
github.com/go-park-mail-ru/2023_2_Umlaut/pkg/repository/user_postgres.go:128.2,133.16 5 0
github.com/go-park-mail-ru/2023_2_Umlaut/pkg/repository/user_postgres.go:133.16,134.86 1 0
github.com/go-park-mail-ru/2023_2_Umlaut/pkg/repository/user_postgres.go:134.86,136.4 1 0
github.com/go-park-mail-ru/2023_2_Umlaut/pkg/repository/user_postgres.go:139.2,139.25 1 0
github.com/go-park-mail-ru/2023_2_Umlaut/pkg/repository/user_postgres.go:142.87,149.16 2 0
github.com/go-park-mail-ru/2023_2_Umlaut/pkg/repository/user_postgres.go:149.16,151.3 1 0
github.com/go-park-mail-ru/2023_2_Umlaut/pkg/repository/user_postgres.go:153.2,158.12 5 0
github.com/go-park-mail-ru/2023_2_Umlaut/pkg/repository/user_postgres.go:161.109,166.16 2 0
github.com/go-park-mail-ru/2023_2_Umlaut/pkg/repository/user_postgres.go:166.16,168.3 1 0
github.com/go-park-mail-ru/2023_2_Umlaut/pkg/repository/user_postgres.go:170.2,175.28 5 0
github.com/go-park-mail-ru/2023_2_Umlaut/pkg/repository/user_postgres.go:178.116,181.33 3 0
github.com/go-park-mail-ru/2023_2_Umlaut/pkg/repository/user_postgres.go:181.33,183.3 1 0
github.com/go-park-mail-ru/2023_2_Umlaut/pkg/repository/user_postgres.go:185.2,186.30 2 0
github.com/go-park-mail-ru/2023_2_Umlaut/pkg/repository/user_postgres.go:186.30,188.3 1 0
github.com/go-park-mail-ru/2023_2_Umlaut/pkg/repository/user_postgres.go:190.2,191.16 2 0
github.com/go-park-mail-ru/2023_2_Umlaut/pkg/repository/user_postgres.go:191.16,193.3 1 0
github.com/go-park-mail-ru/2023_2_Umlaut/pkg/repository/user_postgres.go:195.2,196.16 2 0
github.com/go-park-mail-ru/2023_2_Umlaut/pkg/repository/user_postgres.go:196.16,198.3 1 0
github.com/go-park-mail-ru/2023_2_Umlaut/pkg/repository/user_postgres.go:199.2,201.18 3 0
github.com/go-park-mail-ru/2023_2_Umlaut/pkg/repository/user_postgres.go:201.18,204.36 3 0
github.com/go-park-mail-ru/2023_2_Umlaut/pkg/repository/user_postgres.go:204.36,206.4 1 0
github.com/go-park-mail-ru/2023_2_Umlaut/pkg/repository/user_postgres.go:207.3,207.30 1 0
github.com/go-park-mail-ru/2023_2_Umlaut/pkg/repository/user_postgres.go:209.2,209.34 1 0
github.com/go-park-mail-ru/2023_2_Umlaut/pkg/repository/user_postgres.go:209.34,211.3 1 0
github.com/go-park-mail-ru/2023_2_Umlaut/pkg/repository/user_postgres.go:213.2,213.19 1 0
github.com/go-park-mail-ru/2023_2_Umlaut/pkg/repository/user_postgres.go:216.52,237.2 3 0
github.com/go-park-mail-ru/2023_2_Umlaut/pkg/service/auth.go:20.88,22.2 1 0
github.com/go-park-mail-ru/2023_2_Umlaut/pkg/service/auth.go:24.85,25.21 1 0
github.com/go-park-mail-ru/2023_2_Umlaut/pkg/service/auth.go:25.21,27.3 1 0
github.com/go-park-mail-ru/2023_2_Umlaut/pkg/service/auth.go:28.2,31.41 4 0
github.com/go-park-mail-ru/2023_2_Umlaut/pkg/service/auth.go:31.41,33.3 1 0
github.com/go-park-mail-ru/2023_2_Umlaut/pkg/service/auth.go:34.2,34.16 1 0
github.com/go-park-mail-ru/2023_2_Umlaut/pkg/service/auth.go:37.95,39.16 2 0
github.com/go-park-mail-ru/2023_2_Umlaut/pkg/service/auth.go:39.16,41.3 1 0
github.com/go-park-mail-ru/2023_2_Umlaut/pkg/service/auth.go:42.2,42.68 1 0
github.com/go-park-mail-ru/2023_2_Umlaut/pkg/service/auth.go:42.68,44.3 1 0
github.com/go-park-mail-ru/2023_2_Umlaut/pkg/service/auth.go:45.2,47.18 2 0
github.com/go-park-mail-ru/2023_2_Umlaut/pkg/service/auth.go:50.83,52.75 2 0
github.com/go-park-mail-ru/2023_2_Umlaut/pkg/service/auth.go:52.75,54.3 1 0
github.com/go-park-mail-ru/2023_2_Umlaut/pkg/service/auth.go:56.2,56.17 1 0
github.com/go-park-mail-ru/2023_2_Umlaut/pkg/service/auth.go:59.79,60.64 1 0
github.com/go-park-mail-ru/2023_2_Umlaut/pkg/service/auth.go:60.64,62.3 1 0
github.com/go-park-mail-ru/2023_2_Umlaut/pkg/service/auth.go:64.2,64.12 1 0
github.com/go-park-mail-ru/2023_2_Umlaut/pkg/service/auth.go:67.89,69.16 2 0
github.com/go-park-mail-ru/2023_2_Umlaut/pkg/service/auth.go:69.16,71.3 1 0
github.com/go-park-mail-ru/2023_2_Umlaut/pkg/service/auth.go:73.2,73.16 1 0
github.com/go-park-mail-ru/2023_2_Umlaut/pkg/service/auth.go:76.57,81.2 3 0
github.com/go-park-mail-ru/2023_2_Umlaut/pkg/service/auth.go:83.28,85.2 1 0
github.com/go-park-mail-ru/2023_2_Umlaut/pkg/service/dialog.go:14.68,16.2 1 0
github.com/go-park-mail-ru/2023_2_Umlaut/pkg/service/dialog.go:18.93,20.2 1 0
github.com/go-park-mail-ru/2023_2_Umlaut/pkg/service/dialog.go:22.93,24.2 1 0
github.com/go-park-mail-ru/2023_2_Umlaut/pkg/service/feed.go:17.118,19.2 1 0
github.com/go-park-mail-ru/2023_2_Umlaut/pkg/service/feed.go:21.88,23.16 2 0
github.com/go-park-mail-ru/2023_2_Umlaut/pkg/service/feed.go:23.16,25.3 1 0
github.com/go-park-mail-ru/2023_2_Umlaut/pkg/service/feed.go:26.2,27.16 2 0
github.com/go-park-mail-ru/2023_2_Umlaut/pkg/service/feed.go:27.16,29.3 1 0
github.com/go-park-mail-ru/2023_2_Umlaut/pkg/service/feed.go:31.2,32.22 2 0
github.com/go-park-mail-ru/2023_2_Umlaut/pkg/service/feed.go:35.91,37.16 2 0
github.com/go-park-mail-ru/2023_2_Umlaut/pkg/service/feed.go:37.16,39.3 1 0
github.com/go-park-mail-ru/2023_2_Umlaut/pkg/service/feed.go:41.2,42.33 2 0
github.com/go-park-mail-ru/2023_2_Umlaut/pkg/service/feed.go:42.33,43.31 1 0
github.com/go-park-mail-ru/2023_2_Umlaut/pkg/service/feed.go:43.31,45.12 2 0
github.com/go-park-mail-ru/2023_2_Umlaut/pkg/service/feed.go:47.3,47.44 1 0
github.com/go-park-mail-ru/2023_2_Umlaut/pkg/service/feed.go:50.2,51.16 2 0
github.com/go-park-mail-ru/2023_2_Umlaut/pkg/service/feed.go:51.16,53.3 1 0
github.com/go-park-mail-ru/2023_2_Umlaut/pkg/service/feed.go:55.2,56.16 2 0
github.com/go-park-mail-ru/2023_2_Umlaut/pkg/service/feed.go:56.16,58.3 1 0
github.com/go-park-mail-ru/2023_2_Umlaut/pkg/service/feed.go:59.2,59.37 1 0
github.com/go-park-mail-ru/2023_2_Umlaut/pkg/service/feed.go:59.37,61.3 1 0
github.com/go-park-mail-ru/2023_2_Umlaut/pkg/service/feed.go:63.2,63.23 1 0
github.com/go-park-mail-ru/2023_2_Umlaut/pkg/service/like.go:14.90,16.2 1 0
github.com/go-park-mail-ru/2023_2_Umlaut/pkg/service/like.go:18.78,20.16 2 0
github.com/go-park-mail-ru/2023_2_Umlaut/pkg/service/like.go:20.16,22.3 1 0
github.com/go-park-mail-ru/2023_2_Umlaut/pkg/service/like.go:23.2,23.12 1 0
github.com/go-park-mail-ru/2023_2_Umlaut/pkg/service/like.go:23.12,26.23 3 0
github.com/go-park-mail-ru/2023_2_Umlaut/pkg/service/like.go:26.23,28.4 1 0
github.com/go-park-mail-ru/2023_2_Umlaut/pkg/service/like.go:29.3,29.26 1 0
github.com/go-park-mail-ru/2023_2_Umlaut/pkg/service/like.go:32.2,33.12 2 0
github.com/go-park-mail-ru/2023_2_Umlaut/pkg/service/tag.go:12.56,14.2 1 0
github.com/go-park-mail-ru/2023_2_Umlaut/pkg/service/tag.go:16.72,18.2 1 0
github.com/go-park-mail-ru/2023_2_Umlaut/pkg/service/user.go:21.121,23.2 1 0
github.com/go-park-mail-ru/2023_2_Umlaut/pkg/service/user.go:25.91,27.16 2 0
github.com/go-park-mail-ru/2023_2_Umlaut/pkg/service/user.go:27.16,29.3 1 0
github.com/go-park-mail-ru/2023_2_Umlaut/pkg/service/user.go:30.2,32.18 2 0
github.com/go-park-mail-ru/2023_2_Umlaut/pkg/service/user.go:35.92,36.29 1 0
github.com/go-park-mail-ru/2023_2_Umlaut/pkg/service/user.go:36.29,37.22 1 0
github.com/go-park-mail-ru/2023_2_Umlaut/pkg/service/user.go:37.22,39.4 1 0
github.com/go-park-mail-ru/2023_2_Umlaut/pkg/service/user.go:40.3,43.17 4 0
github.com/go-park-mail-ru/2023_2_Umlaut/pkg/service/user.go:43.17,45.4 1 0
github.com/go-park-mail-ru/2023_2_Umlaut/pkg/service/user.go:47.2,48.16 2 0
github.com/go-park-mail-ru/2023_2_Umlaut/pkg/service/user.go:48.16,50.3 1 0
github.com/go-park-mail-ru/2023_2_Umlaut/pkg/service/user.go:51.2,53.25 2 0
github.com/go-park-mail-ru/2023_2_Umlaut/pkg/service/user.go:56.116,59.66 3 0
github.com/go-park-mail-ru/2023_2_Umlaut/pkg/service/user.go:59.66,61.3 1 0
github.com/go-park-mail-ru/2023_2_Umlaut/pkg/service/user.go:63.2,64.45 2 0
github.com/go-park-mail-ru/2023_2_Umlaut/pkg/service/user.go:64.45,66.3 1 0
github.com/go-park-mail-ru/2023_2_Umlaut/pkg/service/user.go:67.2,67.43 1 0
github.com/go-park-mail-ru/2023_2_Umlaut/pkg/service/user.go:67.43,69.3 1 0
github.com/go-park-mail-ru/2023_2_Umlaut/pkg/service/user.go:71.2,73.16 3 0
github.com/go-park-mail-ru/2023_2_Umlaut/pkg/service/user.go:73.16,75.3 1 0
github.com/go-park-mail-ru/2023_2_Umlaut/pkg/service/user.go:77.2,78.16 2 0
github.com/go-park-mail-ru/2023_2_Umlaut/pkg/service/user.go:78.16,80.3 1 0
github.com/go-park-mail-ru/2023_2_Umlaut/pkg/service/user.go:83.2,83.22 1 0
github.com/go-park-mail-ru/2023_2_Umlaut/pkg/service/user.go:86.105,91.2 3 0
github.com/go-park-mail-ru/2023_2_Umlaut/pkg/service/user.go:93.90,96.16 3 0
github.com/go-park-mail-ru/2023_2_Umlaut/pkg/service/user.go:96.16,98.3 1 0
github.com/go-park-mail-ru/2023_2_Umlaut/pkg/service/user.go:100.2,101.16 2 0
github.com/go-park-mail-ru/2023_2_Umlaut/pkg/service/user.go:101.16,103.3 1 0
github.com/go-park-mail-ru/2023_2_Umlaut/pkg/service/user.go:105.2,105.12 1 0
github.com/go-park-mail-ru/2023_2_Umlaut/pkg/service/user.go:108.33,110.2 1 0
github.com/go-park-mail-ru/2023_2_Umlaut/pkg/service/user.go:112.39,114.2 1 0
github.com/go-park-mail-ru/2023_2_Umlaut/pkg/repository/dialog_postgres.go:20.58,22.2 1 0
github.com/go-park-mail-ru/2023_2_Umlaut/pkg/repository/dialog_postgres.go:24.94,25.37 1 0
github.com/go-park-mail-ru/2023_2_Umlaut/pkg/repository/dialog_postgres.go:25.37,29.3 3 0
github.com/go-park-mail-ru/2023_2_Umlaut/pkg/repository/dialog_postgres.go:31.2,37.16 3 0
github.com/go-park-mail-ru/2023_2_Umlaut/pkg/repository/dialog_postgres.go:37.16,39.3 1 0
github.com/go-park-mail-ru/2023_2_Umlaut/pkg/repository/dialog_postgres.go:41.2,44.16 4 0
github.com/go-park-mail-ru/2023_2_Umlaut/pkg/repository/dialog_postgres.go:44.16,45.86 1 0
github.com/go-park-mail-ru/2023_2_Umlaut/pkg/repository/dialog_postgres.go:45.86,47.4 1 0
github.com/go-park-mail-ru/2023_2_Umlaut/pkg/repository/dialog_postgres.go:49.2,49.16 1 0
github.com/go-park-mail-ru/2023_2_Umlaut/pkg/repository/dialog_postgres.go:52.94,69.16 2 0
github.com/go-park-mail-ru/2023_2_Umlaut/pkg/repository/dialog_postgres.go:69.16,71.3 1 0
github.com/go-park-mail-ru/2023_2_Umlaut/pkg/repository/dialog_postgres.go:73.2,75.16 2 0
github.com/go-park-mail-ru/2023_2_Umlaut/pkg/repository/dialog_postgres.go:75.16,77.3 1 0
github.com/go-park-mail-ru/2023_2_Umlaut/pkg/repository/dialog_postgres.go:78.2,80.18 3 0
github.com/go-park-mail-ru/2023_2_Umlaut/pkg/repository/dialog_postgres.go:80.18,83.36 3 0
github.com/go-park-mail-ru/2023_2_Umlaut/pkg/repository/dialog_postgres.go:83.36,85.4 1 0
github.com/go-park-mail-ru/2023_2_Umlaut/pkg/repository/dialog_postgres.go:86.3,86.31 1 0
github.com/go-park-mail-ru/2023_2_Umlaut/pkg/repository/dialog_postgres.go:86.31,89.4 2 0
github.com/go-park-mail-ru/2023_2_Umlaut/pkg/repository/dialog_postgres.go:90.3,90.36 1 0
github.com/go-park-mail-ru/2023_2_Umlaut/pkg/repository/dialog_postgres.go:92.2,92.34 1 0
github.com/go-park-mail-ru/2023_2_Umlaut/pkg/repository/dialog_postgres.go:92.34,94.3 1 0
github.com/go-park-mail-ru/2023_2_Umlaut/pkg/repository/dialog_postgres.go:96.2,96.21 1 0
github.com/go-park-mail-ru/2023_2_Umlaut/pkg/repository/dialog_postgres.go:99.58,107.2 2 0
github.com/go-park-mail-ru/2023_2_Umlaut/pkg/repository/like_postgres.go:20.54,22.2 1 0
github.com/go-park-mail-ru/2023_2_Umlaut/pkg/repository/like_postgres.go:24.93,25.45 1 0
github.com/go-park-mail-ru/2023_2_Umlaut/pkg/repository/like_postgres.go:25.45,29.3 3 0
github.com/go-park-mail-ru/2023_2_Umlaut/pkg/repository/like_postgres.go:31.2,36.16 2 0
github.com/go-park-mail-ru/2023_2_Umlaut/pkg/repository/like_postgres.go:36.16,38.3 1 0
github.com/go-park-mail-ru/2023_2_Umlaut/pkg/repository/like_postgres.go:40.2,44.16 5 0
github.com/go-park-mail-ru/2023_2_Umlaut/pkg/repository/like_postgres.go:44.16,45.86 1 0
github.com/go-park-mail-ru/2023_2_Umlaut/pkg/repository/like_postgres.go:45.86,47.4 1 0
github.com/go-park-mail-ru/2023_2_Umlaut/pkg/repository/like_postgres.go:50.2,50.21 1 0
github.com/go-park-mail-ru/2023_2_Umlaut/pkg/repository/like_postgres.go:53.89,54.45 1 0
github.com/go-park-mail-ru/2023_2_Umlaut/pkg/repository/like_postgres.go:54.45,58.3 3 0
github.com/go-park-mail-ru/2023_2_Umlaut/pkg/repository/like_postgres.go:60.2,64.16 2 0
github.com/go-park-mail-ru/2023_2_Umlaut/pkg/repository/like_postgres.go:64.16,66.3 1 0
github.com/go-park-mail-ru/2023_2_Umlaut/pkg/repository/like_postgres.go:68.2,70.35 3 0
github.com/go-park-mail-ru/2023_2_Umlaut/pkg/repository/like_postgres.go:70.35,72.3 1 0
github.com/go-park-mail-ru/2023_2_Umlaut/pkg/repository/like_postgres.go:74.2,74.18 1 0
github.com/go-park-mail-ru/2023_2_Umlaut/pkg/repository/like_postgres.go:77.52,84.2 2 0
github.com/go-park-mail-ru/2023_2_Umlaut/pkg/repository/minio.go:15.62,20.16 2 0
github.com/go-park-mail-ru/2023_2_Umlaut/pkg/repository/minio.go:20.16,22.3 1 0
github.com/go-park-mail-ru/2023_2_Umlaut/pkg/repository/minio.go:24.2,24.20 1 0
github.com/go-park-mail-ru/2023_2_Umlaut/pkg/repository/minio_provider.go:16.60,18.2 1 0
github.com/go-park-mail-ru/2023_2_Umlaut/pkg/repository/minio_provider.go:20.133,29.16 2 0
github.com/go-park-mail-ru/2023_2_Umlaut/pkg/repository/minio_provider.go:29.16,31.3 1 0
github.com/go-park-mail-ru/2023_2_Umlaut/pkg/repository/minio_provider.go:32.2,32.12 1 0
github.com/go-park-mail-ru/2023_2_Umlaut/pkg/repository/minio_provider.go:35.107,42.16 2 0
github.com/go-park-mail-ru/2023_2_Umlaut/pkg/repository/minio_provider.go:42.16,44.3 1 0
github.com/go-park-mail-ru/2023_2_Umlaut/pkg/repository/minio_provider.go:45.2,48.16 3 0
github.com/go-park-mail-ru/2023_2_Umlaut/pkg/repository/minio_provider.go:48.16,50.3 1 0
github.com/go-park-mail-ru/2023_2_Umlaut/pkg/repository/minio_provider.go:51.2,53.33 3 0
github.com/go-park-mail-ru/2023_2_Umlaut/pkg/repository/minio_provider.go:53.33,55.3 1 0
github.com/go-park-mail-ru/2023_2_Umlaut/pkg/repository/minio_provider.go:57.2,57.44 1 0
github.com/go-park-mail-ru/2023_2_Umlaut/pkg/repository/minio_provider.go:60.92,62.16 2 0
github.com/go-park-mail-ru/2023_2_Umlaut/pkg/repository/minio_provider.go:62.16,64.3 1 0
github.com/go-park-mail-ru/2023_2_Umlaut/pkg/repository/minio_provider.go:66.2,66.12 1 0
github.com/go-park-mail-ru/2023_2_Umlaut/pkg/repository/minio_provider.go:69.84,71.16 2 0
github.com/go-park-mail-ru/2023_2_Umlaut/pkg/repository/minio_provider.go:71.16,73.3 1 0
github.com/go-park-mail-ru/2023_2_Umlaut/pkg/repository/minio_provider.go:74.2,74.12 1 0
github.com/go-park-mail-ru/2023_2_Umlaut/pkg/repository/minio_provider.go:74.12,76.3 1 0
github.com/go-park-mail-ru/2023_2_Umlaut/pkg/repository/minio_provider.go:77.2,78.16 2 0
github.com/go-park-mail-ru/2023_2_Umlaut/pkg/repository/minio_provider.go:78.16,80.3 1 0
github.com/go-park-mail-ru/2023_2_Umlaut/pkg/repository/minio_provider.go:81.2,81.12 1 0
github.com/go-park-mail-ru/2023_2_Umlaut/pkg/repository/postgres.go:25.84,28.16 2 0
github.com/go-park-mail-ru/2023_2_Umlaut/pkg/repository/postgres.go:28.16,30.3 1 0
github.com/go-park-mail-ru/2023_2_Umlaut/pkg/repository/postgres.go:32.2,32.36 1 0
github.com/go-park-mail-ru/2023_2_Umlaut/pkg/repository/postgres.go:32.36,34.3 1 0
github.com/go-park-mail-ru/2023_2_Umlaut/pkg/repository/postgres.go:36.2,36.16 1 0
github.com/go-park-mail-ru/2023_2_Umlaut/pkg/repository/redis.go:15.61,23.16 3 1
github.com/go-park-mail-ru/2023_2_Umlaut/pkg/repository/redis.go:23.16,25.3 1 1
github.com/go-park-mail-ru/2023_2_Umlaut/pkg/repository/redis.go:26.2,26.20 1 1
github.com/go-park-mail-ru/2023_2_Umlaut/pkg/repository/redis_store.go:15.54,17.2 1 1
github.com/go-park-mail-ru/2023_2_Umlaut/pkg/repository/redis_store.go:19.104,20.67 1 1
github.com/go-park-mail-ru/2023_2_Umlaut/pkg/repository/redis_store.go:20.67,22.3 1 0
github.com/go-park-mail-ru/2023_2_Umlaut/pkg/repository/redis_store.go:23.2,23.12 1 1
github.com/go-park-mail-ru/2023_2_Umlaut/pkg/repository/redis_store.go:26.79,28.16 2 1
github.com/go-park-mail-ru/2023_2_Umlaut/pkg/repository/redis_store.go:28.16,30.3 1 0
github.com/go-park-mail-ru/2023_2_Umlaut/pkg/repository/redis_store.go:31.2,32.16 2 1
github.com/go-park-mail-ru/2023_2_Umlaut/pkg/repository/redis_store.go:32.16,34.3 1 0
github.com/go-park-mail-ru/2023_2_Umlaut/pkg/repository/redis_store.go:35.2,35.20 1 1
github.com/go-park-mail-ru/2023_2_Umlaut/pkg/repository/redis_store.go:38.75,40.16 2 1
github.com/go-park-mail-ru/2023_2_Umlaut/pkg/repository/redis_store.go:40.16,42.3 1 0
github.com/go-park-mail-ru/2023_2_Umlaut/pkg/repository/redis_store.go:43.2,43.12 1 1
github.com/go-park-mail-ru/2023_2_Umlaut/pkg/repository/tag_postgres.go:16.52,18.2 1 0
github.com/go-park-mail-ru/2023_2_Umlaut/pkg/repository/tag_postgres.go:20.73,24.16 3 0
github.com/go-park-mail-ru/2023_2_Umlaut/pkg/repository/tag_postgres.go:24.16,26.3 1 0
github.com/go-park-mail-ru/2023_2_Umlaut/pkg/repository/tag_postgres.go:28.2,29.16 2 0
github.com/go-park-mail-ru/2023_2_Umlaut/pkg/repository/tag_postgres.go:29.16,31.3 1 0
github.com/go-park-mail-ru/2023_2_Umlaut/pkg/repository/tag_postgres.go:32.2,35.16 3 0
github.com/go-park-mail-ru/2023_2_Umlaut/pkg/repository/tag_postgres.go:35.16,37.3 1 0
github.com/go-park-mail-ru/2023_2_Umlaut/pkg/repository/tag_postgres.go:39.2,39.18 1 0
github.com/go-park-mail-ru/2023_2_Umlaut/pkg/repository/tag_postgres.go:42.52,44.18 2 0
github.com/go-park-mail-ru/2023_2_Umlaut/pkg/repository/tag_postgres.go:44.18,47.36 3 0
github.com/go-park-mail-ru/2023_2_Umlaut/pkg/repository/tag_postgres.go:47.36,49.4 1 0
github.com/go-park-mail-ru/2023_2_Umlaut/pkg/repository/tag_postgres.go:50.3,50.30 1 0
github.com/go-park-mail-ru/2023_2_Umlaut/pkg/repository/tag_postgres.go:52.2,52.16 1 0
github.com/go-park-mail-ru/2023_2_Umlaut/pkg/repository/tag_postgres.go:52.16,54.3 1 0
github.com/go-park-mail-ru/2023_2_Umlaut/pkg/repository/tag_postgres.go:55.2,55.23 1 0
github.com/go-park-mail-ru/2023_2_Umlaut/pkg/repository/tag_postgres.go:55.23,57.3 1 0
github.com/go-park-mail-ru/2023_2_Umlaut/pkg/repository/tag_postgres.go:59.2,59.12 1 0
github.com/go-park-mail-ru/2023_2_Umlaut/pkg/repository/user_postgres.go:21.54,23.2 1 0
github.com/go-park-mail-ru/2023_2_Umlaut/pkg/repository/user_postgres.go:25.86,32.16 3 0
github.com/go-park-mail-ru/2023_2_Umlaut/pkg/repository/user_postgres.go:32.16,34.3 1 0
github.com/go-park-mail-ru/2023_2_Umlaut/pkg/repository/user_postgres.go:36.2,39.16 4 0
github.com/go-park-mail-ru/2023_2_Umlaut/pkg/repository/user_postgres.go:39.16,40.86 1 0
github.com/go-park-mail-ru/2023_2_Umlaut/pkg/repository/user_postgres.go:40.86,42.4 1 0
github.com/go-park-mail-ru/2023_2_Umlaut/pkg/repository/user_postgres.go:43.3,43.16 1 0
github.com/go-park-mail-ru/2023_2_Umlaut/pkg/repository/user_postgres.go:45.2,45.16 1 0
github.com/go-park-mail-ru/2023_2_Umlaut/pkg/repository/user_postgres.go:48.86,53.16 3 0
github.com/go-park-mail-ru/2023_2_Umlaut/pkg/repository/user_postgres.go:53.16,55.3 1 0
github.com/go-park-mail-ru/2023_2_Umlaut/pkg/repository/user_postgres.go:57.2,60.35 3 0
github.com/go-park-mail-ru/2023_2_Umlaut/pkg/repository/user_postgres.go:60.35,62.3 1 0
github.com/go-park-mail-ru/2023_2_Umlaut/pkg/repository/user_postgres.go:64.2,64.18 1 0
github.com/go-park-mail-ru/2023_2_Umlaut/pkg/repository/user_postgres.go:67.85,72.16 3 0
github.com/go-park-mail-ru/2023_2_Umlaut/pkg/repository/user_postgres.go:72.16,74.3 1 0
github.com/go-park-mail-ru/2023_2_Umlaut/pkg/repository/user_postgres.go:76.2,79.35 3 0
github.com/go-park-mail-ru/2023_2_Umlaut/pkg/repository/user_postgres.go:79.35,81.3 1 0
github.com/go-park-mail-ru/2023_2_Umlaut/pkg/repository/user_postgres.go:83.2,83.18 1 0
github.com/go-park-mail-ru/2023_2_Umlaut/pkg/repository/user_postgres.go:86.94,89.30 3 0
github.com/go-park-mail-ru/2023_2_Umlaut/pkg/repository/user_postgres.go:89.30,91.3 1 0
github.com/go-park-mail-ru/2023_2_Umlaut/pkg/repository/user_postgres.go:92.2,95.16 3 0
github.com/go-park-mail-ru/2023_2_Umlaut/pkg/repository/user_postgres.go:95.16,97.3 1 0
github.com/go-park-mail-ru/2023_2_Umlaut/pkg/repository/user_postgres.go:99.2,102.35 3 0
github.com/go-park-mail-ru/2023_2_Umlaut/pkg/repository/user_postgres.go:102.35,104.3 1 0
github.com/go-park-mail-ru/2023_2_Umlaut/pkg/repository/user_postgres.go:106.2,106.22 1 0
github.com/go-park-mail-ru/2023_2_Umlaut/pkg/repository/user_postgres.go:109.93,124.16 2 0
github.com/go-park-mail-ru/2023_2_Umlaut/pkg/repository/user_postgres.go:124.16,126.3 1 0
github.com/go-park-mail-ru/2023_2_Umlaut/pkg/repository/user_postgres.go:128.2,133.16 5 0
github.com/go-park-mail-ru/2023_2_Umlaut/pkg/repository/user_postgres.go:133.16,134.86 1 0
github.com/go-park-mail-ru/2023_2_Umlaut/pkg/repository/user_postgres.go:134.86,136.4 1 0
github.com/go-park-mail-ru/2023_2_Umlaut/pkg/repository/user_postgres.go:139.2,139.25 1 0
github.com/go-park-mail-ru/2023_2_Umlaut/pkg/repository/user_postgres.go:142.87,149.16 2 0
github.com/go-park-mail-ru/2023_2_Umlaut/pkg/repository/user_postgres.go:149.16,151.3 1 0
github.com/go-park-mail-ru/2023_2_Umlaut/pkg/repository/user_postgres.go:153.2,158.12 5 0
github.com/go-park-mail-ru/2023_2_Umlaut/pkg/repository/user_postgres.go:161.109,166.16 2 0
github.com/go-park-mail-ru/2023_2_Umlaut/pkg/repository/user_postgres.go:166.16,168.3 1 0
github.com/go-park-mail-ru/2023_2_Umlaut/pkg/repository/user_postgres.go:170.2,175.28 5 0
github.com/go-park-mail-ru/2023_2_Umlaut/pkg/repository/user_postgres.go:178.116,181.33 3 0
github.com/go-park-mail-ru/2023_2_Umlaut/pkg/repository/user_postgres.go:181.33,183.3 1 0
github.com/go-park-mail-ru/2023_2_Umlaut/pkg/repository/user_postgres.go:185.2,186.30 2 0
github.com/go-park-mail-ru/2023_2_Umlaut/pkg/repository/user_postgres.go:186.30,188.3 1 0
github.com/go-park-mail-ru/2023_2_Umlaut/pkg/repository/user_postgres.go:190.2,191.16 2 0
github.com/go-park-mail-ru/2023_2_Umlaut/pkg/repository/user_postgres.go:191.16,193.3 1 0
github.com/go-park-mail-ru/2023_2_Umlaut/pkg/repository/user_postgres.go:195.2,196.16 2 0
github.com/go-park-mail-ru/2023_2_Umlaut/pkg/repository/user_postgres.go:196.16,198.3 1 0
github.com/go-park-mail-ru/2023_2_Umlaut/pkg/repository/user_postgres.go:199.2,201.18 3 0
github.com/go-park-mail-ru/2023_2_Umlaut/pkg/repository/user_postgres.go:201.18,204.36 3 0
github.com/go-park-mail-ru/2023_2_Umlaut/pkg/repository/user_postgres.go:204.36,206.4 1 0
github.com/go-park-mail-ru/2023_2_Umlaut/pkg/repository/user_postgres.go:207.3,207.30 1 0
github.com/go-park-mail-ru/2023_2_Umlaut/pkg/repository/user_postgres.go:209.2,209.34 1 0
github.com/go-park-mail-ru/2023_2_Umlaut/pkg/repository/user_postgres.go:209.34,211.3 1 0
github.com/go-park-mail-ru/2023_2_Umlaut/pkg/repository/user_postgres.go:213.2,213.19 1 0
github.com/go-park-mail-ru/2023_2_Umlaut/pkg/repository/user_postgres.go:216.52,237.2 3 0
github.com/go-park-mail-ru/2023_2_Umlaut/pkg/repository/dialog_postgres.go:20.58,22.2 1 0
github.com/go-park-mail-ru/2023_2_Umlaut/pkg/repository/dialog_postgres.go:24.94,25.37 1 0
github.com/go-park-mail-ru/2023_2_Umlaut/pkg/repository/dialog_postgres.go:25.37,29.3 3 0
github.com/go-park-mail-ru/2023_2_Umlaut/pkg/repository/dialog_postgres.go:31.2,37.16 3 0
github.com/go-park-mail-ru/2023_2_Umlaut/pkg/repository/dialog_postgres.go:37.16,39.3 1 0
github.com/go-park-mail-ru/2023_2_Umlaut/pkg/repository/dialog_postgres.go:41.2,44.16 4 0
github.com/go-park-mail-ru/2023_2_Umlaut/pkg/repository/dialog_postgres.go:44.16,45.86 1 0
github.com/go-park-mail-ru/2023_2_Umlaut/pkg/repository/dialog_postgres.go:45.86,47.4 1 0
github.com/go-park-mail-ru/2023_2_Umlaut/pkg/repository/dialog_postgres.go:49.2,49.16 1 0
github.com/go-park-mail-ru/2023_2_Umlaut/pkg/repository/dialog_postgres.go:52.94,69.16 2 0
github.com/go-park-mail-ru/2023_2_Umlaut/pkg/repository/dialog_postgres.go:69.16,71.3 1 0
github.com/go-park-mail-ru/2023_2_Umlaut/pkg/repository/dialog_postgres.go:73.2,75.16 2 0
github.com/go-park-mail-ru/2023_2_Umlaut/pkg/repository/dialog_postgres.go:75.16,77.3 1 0
github.com/go-park-mail-ru/2023_2_Umlaut/pkg/repository/dialog_postgres.go:78.2,80.18 3 0
github.com/go-park-mail-ru/2023_2_Umlaut/pkg/repository/dialog_postgres.go:80.18,83.36 3 0
github.com/go-park-mail-ru/2023_2_Umlaut/pkg/repository/dialog_postgres.go:83.36,85.4 1 0
github.com/go-park-mail-ru/2023_2_Umlaut/pkg/repository/dialog_postgres.go:86.3,86.31 1 0
github.com/go-park-mail-ru/2023_2_Umlaut/pkg/repository/dialog_postgres.go:86.31,89.4 2 0
github.com/go-park-mail-ru/2023_2_Umlaut/pkg/repository/dialog_postgres.go:90.3,90.36 1 0
github.com/go-park-mail-ru/2023_2_Umlaut/pkg/repository/dialog_postgres.go:92.2,92.34 1 0
github.com/go-park-mail-ru/2023_2_Umlaut/pkg/repository/dialog_postgres.go:92.34,94.3 1 0
github.com/go-park-mail-ru/2023_2_Umlaut/pkg/repository/dialog_postgres.go:96.2,96.21 1 0
github.com/go-park-mail-ru/2023_2_Umlaut/pkg/repository/dialog_postgres.go:99.58,107.2 2 0
github.com/go-park-mail-ru/2023_2_Umlaut/pkg/repository/like_postgres.go:20.54,22.2 1 0
github.com/go-park-mail-ru/2023_2_Umlaut/pkg/repository/like_postgres.go:24.93,25.45 1 0
github.com/go-park-mail-ru/2023_2_Umlaut/pkg/repository/like_postgres.go:25.45,29.3 3 0
github.com/go-park-mail-ru/2023_2_Umlaut/pkg/repository/like_postgres.go:31.2,36.16 2 0
github.com/go-park-mail-ru/2023_2_Umlaut/pkg/repository/like_postgres.go:36.16,38.3 1 0
github.com/go-park-mail-ru/2023_2_Umlaut/pkg/repository/like_postgres.go:40.2,44.16 5 0
github.com/go-park-mail-ru/2023_2_Umlaut/pkg/repository/like_postgres.go:44.16,45.86 1 0
github.com/go-park-mail-ru/2023_2_Umlaut/pkg/repository/like_postgres.go:45.86,47.4 1 0
github.com/go-park-mail-ru/2023_2_Umlaut/pkg/repository/like_postgres.go:50.2,50.21 1 0
github.com/go-park-mail-ru/2023_2_Umlaut/pkg/repository/like_postgres.go:53.89,54.45 1 0
github.com/go-park-mail-ru/2023_2_Umlaut/pkg/repository/like_postgres.go:54.45,58.3 3 0
github.com/go-park-mail-ru/2023_2_Umlaut/pkg/repository/like_postgres.go:60.2,64.16 2 0
github.com/go-park-mail-ru/2023_2_Umlaut/pkg/repository/like_postgres.go:64.16,66.3 1 0
github.com/go-park-mail-ru/2023_2_Umlaut/pkg/repository/like_postgres.go:68.2,70.35 3 0
github.com/go-park-mail-ru/2023_2_Umlaut/pkg/repository/like_postgres.go:70.35,72.3 1 0
github.com/go-park-mail-ru/2023_2_Umlaut/pkg/repository/like_postgres.go:74.2,74.18 1 0
github.com/go-park-mail-ru/2023_2_Umlaut/pkg/repository/like_postgres.go:77.52,84.2 2 0
github.com/go-park-mail-ru/2023_2_Umlaut/pkg/repository/minio.go:15.62,20.16 2 0
github.com/go-park-mail-ru/2023_2_Umlaut/pkg/repository/minio.go:20.16,22.3 1 0
github.com/go-park-mail-ru/2023_2_Umlaut/pkg/repository/minio.go:24.2,24.20 1 0
github.com/go-park-mail-ru/2023_2_Umlaut/pkg/repository/minio_provider.go:16.60,18.2 1 0
github.com/go-park-mail-ru/2023_2_Umlaut/pkg/repository/minio_provider.go:20.133,29.16 2 0
github.com/go-park-mail-ru/2023_2_Umlaut/pkg/repository/minio_provider.go:29.16,31.3 1 0
github.com/go-park-mail-ru/2023_2_Umlaut/pkg/repository/minio_provider.go:32.2,32.12 1 0
github.com/go-park-mail-ru/2023_2_Umlaut/pkg/repository/minio_provider.go:35.107,42.16 2 0
github.com/go-park-mail-ru/2023_2_Umlaut/pkg/repository/minio_provider.go:42.16,44.3 1 0
github.com/go-park-mail-ru/2023_2_Umlaut/pkg/repository/minio_provider.go:45.2,48.16 3 0
github.com/go-park-mail-ru/2023_2_Umlaut/pkg/repository/minio_provider.go:48.16,50.3 1 0
github.com/go-park-mail-ru/2023_2_Umlaut/pkg/repository/minio_provider.go:51.2,53.33 3 0
github.com/go-park-mail-ru/2023_2_Umlaut/pkg/repository/minio_provider.go:53.33,55.3 1 0
github.com/go-park-mail-ru/2023_2_Umlaut/pkg/repository/minio_provider.go:57.2,57.44 1 0
github.com/go-park-mail-ru/2023_2_Umlaut/pkg/repository/minio_provider.go:60.92,62.16 2 0
github.com/go-park-mail-ru/2023_2_Umlaut/pkg/repository/minio_provider.go:62.16,64.3 1 0
github.com/go-park-mail-ru/2023_2_Umlaut/pkg/repository/minio_provider.go:66.2,66.12 1 0
github.com/go-park-mail-ru/2023_2_Umlaut/pkg/repository/minio_provider.go:69.84,71.16 2 0
github.com/go-park-mail-ru/2023_2_Umlaut/pkg/repository/minio_provider.go:71.16,73.3 1 0
github.com/go-park-mail-ru/2023_2_Umlaut/pkg/repository/minio_provider.go:74.2,74.12 1 0
github.com/go-park-mail-ru/2023_2_Umlaut/pkg/repository/minio_provider.go:74.12,76.3 1 0
github.com/go-park-mail-ru/2023_2_Umlaut/pkg/repository/minio_provider.go:77.2,78.16 2 0
github.com/go-park-mail-ru/2023_2_Umlaut/pkg/repository/minio_provider.go:78.16,80.3 1 0
github.com/go-park-mail-ru/2023_2_Umlaut/pkg/repository/minio_provider.go:81.2,81.12 1 0
github.com/go-park-mail-ru/2023_2_Umlaut/pkg/repository/postgres.go:25.84,28.16 2 0
github.com/go-park-mail-ru/2023_2_Umlaut/pkg/repository/postgres.go:28.16,30.3 1 0
github.com/go-park-mail-ru/2023_2_Umlaut/pkg/repository/postgres.go:32.2,32.36 1 0
github.com/go-park-mail-ru/2023_2_Umlaut/pkg/repository/postgres.go:32.36,34.3 1 0
github.com/go-park-mail-ru/2023_2_Umlaut/pkg/repository/postgres.go:36.2,36.16 1 0
github.com/go-park-mail-ru/2023_2_Umlaut/pkg/repository/redis.go:15.61,23.16 3 0
github.com/go-park-mail-ru/2023_2_Umlaut/pkg/repository/redis.go:23.16,25.3 1 0
github.com/go-park-mail-ru/2023_2_Umlaut/pkg/repository/redis.go:26.2,26.20 1 0
github.com/go-park-mail-ru/2023_2_Umlaut/pkg/repository/redis_store.go:15.54,17.2 1 0
github.com/go-park-mail-ru/2023_2_Umlaut/pkg/repository/redis_store.go:19.104,20.67 1 0
github.com/go-park-mail-ru/2023_2_Umlaut/pkg/repository/redis_store.go:20.67,22.3 1 0
github.com/go-park-mail-ru/2023_2_Umlaut/pkg/repository/redis_store.go:23.2,23.12 1 0
github.com/go-park-mail-ru/2023_2_Umlaut/pkg/repository/redis_store.go:26.79,28.16 2 0
github.com/go-park-mail-ru/2023_2_Umlaut/pkg/repository/redis_store.go:28.16,30.3 1 0
github.com/go-park-mail-ru/2023_2_Umlaut/pkg/repository/redis_store.go:31.2,32.16 2 0
github.com/go-park-mail-ru/2023_2_Umlaut/pkg/repository/redis_store.go:32.16,34.3 1 0
github.com/go-park-mail-ru/2023_2_Umlaut/pkg/repository/redis_store.go:35.2,35.20 1 0
github.com/go-park-mail-ru/2023_2_Umlaut/pkg/repository/redis_store.go:38.75,40.16 2 0
github.com/go-park-mail-ru/2023_2_Umlaut/pkg/repository/redis_store.go:40.16,42.3 1 0
github.com/go-park-mail-ru/2023_2_Umlaut/pkg/repository/redis_store.go:43.2,43.12 1 0
github.com/go-park-mail-ru/2023_2_Umlaut/pkg/repository/tag_postgres.go:16.52,18.2 1 0
github.com/go-park-mail-ru/2023_2_Umlaut/pkg/repository/tag_postgres.go:20.73,24.16 3 0
github.com/go-park-mail-ru/2023_2_Umlaut/pkg/repository/tag_postgres.go:24.16,26.3 1 0
github.com/go-park-mail-ru/2023_2_Umlaut/pkg/repository/tag_postgres.go:28.2,29.16 2 0
github.com/go-park-mail-ru/2023_2_Umlaut/pkg/repository/tag_postgres.go:29.16,31.3 1 0
github.com/go-park-mail-ru/2023_2_Umlaut/pkg/repository/tag_postgres.go:32.2,35.16 3 0
github.com/go-park-mail-ru/2023_2_Umlaut/pkg/repository/tag_postgres.go:35.16,37.3 1 0
github.com/go-park-mail-ru/2023_2_Umlaut/pkg/repository/tag_postgres.go:39.2,39.18 1 0
github.com/go-park-mail-ru/2023_2_Umlaut/pkg/repository/tag_postgres.go:42.52,44.18 2 0
github.com/go-park-mail-ru/2023_2_Umlaut/pkg/repository/tag_postgres.go:44.18,47.36 3 0
github.com/go-park-mail-ru/2023_2_Umlaut/pkg/repository/tag_postgres.go:47.36,49.4 1 0
github.com/go-park-mail-ru/2023_2_Umlaut/pkg/repository/tag_postgres.go:50.3,50.30 1 0
github.com/go-park-mail-ru/2023_2_Umlaut/pkg/repository/tag_postgres.go:52.2,52.16 1 0
github.com/go-park-mail-ru/2023_2_Umlaut/pkg/repository/tag_postgres.go:52.16,54.3 1 0
github.com/go-park-mail-ru/2023_2_Umlaut/pkg/repository/tag_postgres.go:55.2,55.23 1 0
github.com/go-park-mail-ru/2023_2_Umlaut/pkg/repository/tag_postgres.go:55.23,57.3 1 0
github.com/go-park-mail-ru/2023_2_Umlaut/pkg/repository/tag_postgres.go:59.2,59.12 1 0
github.com/go-park-mail-ru/2023_2_Umlaut/pkg/repository/user_postgres.go:21.54,23.2 1 0
github.com/go-park-mail-ru/2023_2_Umlaut/pkg/repository/user_postgres.go:25.86,32.16 3 0
github.com/go-park-mail-ru/2023_2_Umlaut/pkg/repository/user_postgres.go:32.16,34.3 1 0
github.com/go-park-mail-ru/2023_2_Umlaut/pkg/repository/user_postgres.go:36.2,39.16 4 0
github.com/go-park-mail-ru/2023_2_Umlaut/pkg/repository/user_postgres.go:39.16,40.86 1 0
github.com/go-park-mail-ru/2023_2_Umlaut/pkg/repository/user_postgres.go:40.86,42.4 1 0
github.com/go-park-mail-ru/2023_2_Umlaut/pkg/repository/user_postgres.go:43.3,43.16 1 0
github.com/go-park-mail-ru/2023_2_Umlaut/pkg/repository/user_postgres.go:45.2,45.16 1 0
github.com/go-park-mail-ru/2023_2_Umlaut/pkg/repository/user_postgres.go:48.86,53.16 3 0
github.com/go-park-mail-ru/2023_2_Umlaut/pkg/repository/user_postgres.go:53.16,55.3 1 0
github.com/go-park-mail-ru/2023_2_Umlaut/pkg/repository/user_postgres.go:57.2,60.35 3 0
github.com/go-park-mail-ru/2023_2_Umlaut/pkg/repository/user_postgres.go:60.35,62.3 1 0
github.com/go-park-mail-ru/2023_2_Umlaut/pkg/repository/user_postgres.go:64.2,64.18 1 0
github.com/go-park-mail-ru/2023_2_Umlaut/pkg/repository/user_postgres.go:67.85,72.16 3 0
github.com/go-park-mail-ru/2023_2_Umlaut/pkg/repository/user_postgres.go:72.16,74.3 1 0
github.com/go-park-mail-ru/2023_2_Umlaut/pkg/repository/user_postgres.go:76.2,79.35 3 0
github.com/go-park-mail-ru/2023_2_Umlaut/pkg/repository/user_postgres.go:79.35,81.3 1 0
github.com/go-park-mail-ru/2023_2_Umlaut/pkg/repository/user_postgres.go:83.2,83.18 1 0
github.com/go-park-mail-ru/2023_2_Umlaut/pkg/repository/user_postgres.go:86.94,89.30 3 0
github.com/go-park-mail-ru/2023_2_Umlaut/pkg/repository/user_postgres.go:89.30,91.3 1 0
github.com/go-park-mail-ru/2023_2_Umlaut/pkg/repository/user_postgres.go:92.2,95.16 3 0
github.com/go-park-mail-ru/2023_2_Umlaut/pkg/repository/user_postgres.go:95.16,97.3 1 0
github.com/go-park-mail-ru/2023_2_Umlaut/pkg/repository/user_postgres.go:99.2,102.35 3 0
github.com/go-park-mail-ru/2023_2_Umlaut/pkg/repository/user_postgres.go:102.35,104.3 1 0
github.com/go-park-mail-ru/2023_2_Umlaut/pkg/repository/user_postgres.go:106.2,106.22 1 0
github.com/go-park-mail-ru/2023_2_Umlaut/pkg/repository/user_postgres.go:109.93,124.16 2 0
github.com/go-park-mail-ru/2023_2_Umlaut/pkg/repository/user_postgres.go:124.16,126.3 1 0
github.com/go-park-mail-ru/2023_2_Umlaut/pkg/repository/user_postgres.go:128.2,133.16 5 0
github.com/go-park-mail-ru/2023_2_Umlaut/pkg/repository/user_postgres.go:133.16,134.86 1 0
github.com/go-park-mail-ru/2023_2_Umlaut/pkg/repository/user_postgres.go:134.86,136.4 1 0
github.com/go-park-mail-ru/2023_2_Umlaut/pkg/repository/user_postgres.go:139.2,139.25 1 0
github.com/go-park-mail-ru/2023_2_Umlaut/pkg/repository/user_postgres.go:142.87,149.16 2 0
github.com/go-park-mail-ru/2023_2_Umlaut/pkg/repository/user_postgres.go:149.16,151.3 1 0
github.com/go-park-mail-ru/2023_2_Umlaut/pkg/repository/user_postgres.go:153.2,158.12 5 0
github.com/go-park-mail-ru/2023_2_Umlaut/pkg/repository/user_postgres.go:161.109,166.16 2 0
github.com/go-park-mail-ru/2023_2_Umlaut/pkg/repository/user_postgres.go:166.16,168.3 1 0
github.com/go-park-mail-ru/2023_2_Umlaut/pkg/repository/user_postgres.go:170.2,175.28 5 0
github.com/go-park-mail-ru/2023_2_Umlaut/pkg/repository/user_postgres.go:178.116,181.33 3 0
github.com/go-park-mail-ru/2023_2_Umlaut/pkg/repository/user_postgres.go:181.33,183.3 1 0
github.com/go-park-mail-ru/2023_2_Umlaut/pkg/repository/user_postgres.go:185.2,186.30 2 0
github.com/go-park-mail-ru/2023_2_Umlaut/pkg/repository/user_postgres.go:186.30,188.3 1 0
github.com/go-park-mail-ru/2023_2_Umlaut/pkg/repository/user_postgres.go:190.2,191.16 2 0
github.com/go-park-mail-ru/2023_2_Umlaut/pkg/repository/user_postgres.go:191.16,193.3 1 0
github.com/go-park-mail-ru/2023_2_Umlaut/pkg/repository/user_postgres.go:195.2,196.16 2 0
github.com/go-park-mail-ru/2023_2_Umlaut/pkg/repository/user_postgres.go:196.16,198.3 1 0
github.com/go-park-mail-ru/2023_2_Umlaut/pkg/repository/user_postgres.go:199.2,201.18 3 0
github.com/go-park-mail-ru/2023_2_Umlaut/pkg/repository/user_postgres.go:201.18,204.36 3 0
github.com/go-park-mail-ru/2023_2_Umlaut/pkg/repository/user_postgres.go:204.36,206.4 1 0
github.com/go-park-mail-ru/2023_2_Umlaut/pkg/repository/user_postgres.go:207.3,207.30 1 0
github.com/go-park-mail-ru/2023_2_Umlaut/pkg/repository/user_postgres.go:209.2,209.34 1 0
github.com/go-park-mail-ru/2023_2_Umlaut/pkg/repository/user_postgres.go:209.34,211.3 1 0
github.com/go-park-mail-ru/2023_2_Umlaut/pkg/repository/user_postgres.go:213.2,213.19 1 0
github.com/go-park-mail-ru/2023_2_Umlaut/pkg/repository/user_postgres.go:216.52,237.2 3 0
github.com/go-park-mail-ru/2023_2_Umlaut/pkg/service/auth.go:20.88,22.2 1 0
github.com/go-park-mail-ru/2023_2_Umlaut/pkg/service/auth.go:24.85,25.21 1 1
github.com/go-park-mail-ru/2023_2_Umlaut/pkg/service/auth.go:25.21,27.3 1 0
github.com/go-park-mail-ru/2023_2_Umlaut/pkg/service/auth.go:28.2,31.41 4 1
github.com/go-park-mail-ru/2023_2_Umlaut/pkg/service/auth.go:31.41,33.3 1 1
github.com/go-park-mail-ru/2023_2_Umlaut/pkg/service/auth.go:34.2,34.16 1 1
github.com/go-park-mail-ru/2023_2_Umlaut/pkg/service/auth.go:37.95,39.16 2 1
github.com/go-park-mail-ru/2023_2_Umlaut/pkg/service/auth.go:39.16,41.3 1 1
github.com/go-park-mail-ru/2023_2_Umlaut/pkg/service/auth.go:42.2,42.68 1 1
github.com/go-park-mail-ru/2023_2_Umlaut/pkg/service/auth.go:42.68,44.3 1 1
github.com/go-park-mail-ru/2023_2_Umlaut/pkg/service/auth.go:45.2,47.18 2 0
github.com/go-park-mail-ru/2023_2_Umlaut/pkg/service/auth.go:50.83,52.75 2 1
github.com/go-park-mail-ru/2023_2_Umlaut/pkg/service/auth.go:52.75,54.3 1 1
github.com/go-park-mail-ru/2023_2_Umlaut/pkg/service/auth.go:56.2,56.17 1 1
github.com/go-park-mail-ru/2023_2_Umlaut/pkg/service/auth.go:59.79,60.64 1 1
github.com/go-park-mail-ru/2023_2_Umlaut/pkg/service/auth.go:60.64,62.3 1 1
github.com/go-park-mail-ru/2023_2_Umlaut/pkg/service/auth.go:64.2,64.12 1 1
github.com/go-park-mail-ru/2023_2_Umlaut/pkg/service/auth.go:67.89,69.16 2 1
github.com/go-park-mail-ru/2023_2_Umlaut/pkg/service/auth.go:69.16,71.3 1 1
github.com/go-park-mail-ru/2023_2_Umlaut/pkg/service/auth.go:73.2,73.16 1 1
github.com/go-park-mail-ru/2023_2_Umlaut/pkg/service/auth.go:76.57,81.2 3 1
github.com/go-park-mail-ru/2023_2_Umlaut/pkg/service/auth.go:83.28,85.2 1 1
github.com/go-park-mail-ru/2023_2_Umlaut/pkg/service/dialog.go:14.68,16.2 1 0
github.com/go-park-mail-ru/2023_2_Umlaut/pkg/service/dialog.go:18.93,20.2 1 1
github.com/go-park-mail-ru/2023_2_Umlaut/pkg/service/dialog.go:22.93,24.2 1 1
github.com/go-park-mail-ru/2023_2_Umlaut/pkg/service/feed.go:17.118,19.2 1 0
github.com/go-park-mail-ru/2023_2_Umlaut/pkg/service/feed.go:21.88,23.16 2 1
github.com/go-park-mail-ru/2023_2_Umlaut/pkg/service/feed.go:23.16,25.3 1 1
github.com/go-park-mail-ru/2023_2_Umlaut/pkg/service/feed.go:26.2,27.16 2 1
github.com/go-park-mail-ru/2023_2_Umlaut/pkg/service/feed.go:27.16,29.3 1 1
github.com/go-park-mail-ru/2023_2_Umlaut/pkg/service/feed.go:31.2,32.22 2 1
github.com/go-park-mail-ru/2023_2_Umlaut/pkg/service/feed.go:35.91,37.16 2 1
github.com/go-park-mail-ru/2023_2_Umlaut/pkg/service/feed.go:37.16,39.3 1 1
github.com/go-park-mail-ru/2023_2_Umlaut/pkg/service/feed.go:41.2,42.33 2 1
github.com/go-park-mail-ru/2023_2_Umlaut/pkg/service/feed.go:42.33,43.31 1 1
github.com/go-park-mail-ru/2023_2_Umlaut/pkg/service/feed.go:43.31,45.12 2 1
github.com/go-park-mail-ru/2023_2_Umlaut/pkg/service/feed.go:47.3,47.44 1 0
github.com/go-park-mail-ru/2023_2_Umlaut/pkg/service/feed.go:50.2,51.16 2 1
github.com/go-park-mail-ru/2023_2_Umlaut/pkg/service/feed.go:51.16,53.3 1 1
github.com/go-park-mail-ru/2023_2_Umlaut/pkg/service/feed.go:55.2,56.16 2 1
github.com/go-park-mail-ru/2023_2_Umlaut/pkg/service/feed.go:56.16,58.3 1 1
github.com/go-park-mail-ru/2023_2_Umlaut/pkg/service/feed.go:59.2,59.37 1 1
github.com/go-park-mail-ru/2023_2_Umlaut/pkg/service/feed.go:59.37,61.3 1 1
github.com/go-park-mail-ru/2023_2_Umlaut/pkg/service/feed.go:63.2,63.23 1 1
github.com/go-park-mail-ru/2023_2_Umlaut/pkg/service/like.go:14.90,16.2 1 0
github.com/go-park-mail-ru/2023_2_Umlaut/pkg/service/like.go:18.78,20.16 2 1
github.com/go-park-mail-ru/2023_2_Umlaut/pkg/service/like.go:20.16,22.3 1 1
github.com/go-park-mail-ru/2023_2_Umlaut/pkg/service/like.go:23.2,23.12 1 1
github.com/go-park-mail-ru/2023_2_Umlaut/pkg/service/like.go:23.12,26.23 3 1
github.com/go-park-mail-ru/2023_2_Umlaut/pkg/service/like.go:26.23,28.4 1 1
github.com/go-park-mail-ru/2023_2_Umlaut/pkg/service/like.go:29.3,29.26 1 1
github.com/go-park-mail-ru/2023_2_Umlaut/pkg/service/like.go:32.2,33.12 2 1
github.com/go-park-mail-ru/2023_2_Umlaut/pkg/service/tag.go:12.56,14.2 1 0
github.com/go-park-mail-ru/2023_2_Umlaut/pkg/service/tag.go:16.72,18.2 1 1
github.com/go-park-mail-ru/2023_2_Umlaut/pkg/service/user.go:21.121,23.2 1 0
github.com/go-park-mail-ru/2023_2_Umlaut/pkg/service/user.go:25.91,27.16 2 1
github.com/go-park-mail-ru/2023_2_Umlaut/pkg/service/user.go:27.16,29.3 1 1
github.com/go-park-mail-ru/2023_2_Umlaut/pkg/service/user.go:30.2,32.18 2 1
github.com/go-park-mail-ru/2023_2_Umlaut/pkg/service/user.go:35.92,36.29 1 1
github.com/go-park-mail-ru/2023_2_Umlaut/pkg/service/user.go:36.29,37.22 1 1
github.com/go-park-mail-ru/2023_2_Umlaut/pkg/service/user.go:37.22,39.4 1 1
github.com/go-park-mail-ru/2023_2_Umlaut/pkg/service/user.go:40.3,43.17 4 1
github.com/go-park-mail-ru/2023_2_Umlaut/pkg/service/user.go:43.17,45.4 1 1
github.com/go-park-mail-ru/2023_2_Umlaut/pkg/service/user.go:47.2,48.16 2 1
github.com/go-park-mail-ru/2023_2_Umlaut/pkg/service/user.go:48.16,50.3 1 1
github.com/go-park-mail-ru/2023_2_Umlaut/pkg/service/user.go:51.2,53.25 2 1
github.com/go-park-mail-ru/2023_2_Umlaut/pkg/service/user.go:56.116,59.66 3 0
github.com/go-park-mail-ru/2023_2_Umlaut/pkg/service/user.go:59.66,61.3 1 0
github.com/go-park-mail-ru/2023_2_Umlaut/pkg/service/user.go:63.2,64.45 2 0
github.com/go-park-mail-ru/2023_2_Umlaut/pkg/service/user.go:64.45,66.3 1 0
github.com/go-park-mail-ru/2023_2_Umlaut/pkg/service/user.go:67.2,67.43 1 0
github.com/go-park-mail-ru/2023_2_Umlaut/pkg/service/user.go:67.43,69.3 1 0
github.com/go-park-mail-ru/2023_2_Umlaut/pkg/service/user.go:71.2,73.16 3 0
github.com/go-park-mail-ru/2023_2_Umlaut/pkg/service/user.go:73.16,75.3 1 0
github.com/go-park-mail-ru/2023_2_Umlaut/pkg/service/user.go:77.2,78.16 2 0
github.com/go-park-mail-ru/2023_2_Umlaut/pkg/service/user.go:78.16,80.3 1 0
github.com/go-park-mail-ru/2023_2_Umlaut/pkg/service/user.go:83.2,83.22 1 0
github.com/go-park-mail-ru/2023_2_Umlaut/pkg/service/user.go:86.105,91.2 3 1
github.com/go-park-mail-ru/2023_2_Umlaut/pkg/service/user.go:93.90,96.16 3 1
github.com/go-park-mail-ru/2023_2_Umlaut/pkg/service/user.go:96.16,98.3 1 1
github.com/go-park-mail-ru/2023_2_Umlaut/pkg/service/user.go:100.2,101.16 2 1
github.com/go-park-mail-ru/2023_2_Umlaut/pkg/service/user.go:101.16,103.3 1 0
github.com/go-park-mail-ru/2023_2_Umlaut/pkg/service/user.go:105.2,105.12 1 1
github.com/go-park-mail-ru/2023_2_Umlaut/pkg/service/user.go:108.33,110.2 1 0
github.com/go-park-mail-ru/2023_2_Umlaut/pkg/service/user.go:112.39,114.2 1 1
