mode: set
github.com/go-park-mail-ru/2023_2_Umlaut/pkg/handler/auth.go:20.66,23.47 3 1
github.com/go-park-mail-ru/2023_2_Umlaut/pkg/handler/auth.go:23.47,26.3 2 1
github.com/go-park-mail-ru/2023_2_Umlaut/pkg/handler/auth.go:28.2,28.46 1 1
github.com/go-park-mail-ru/2023_2_Umlaut/pkg/handler/auth.go:28.46,31.3 2 1
github.com/go-park-mail-ru/2023_2_Umlaut/pkg/handler/auth.go:33.2,34.16 2 1
github.com/go-park-mail-ru/2023_2_Umlaut/pkg/handler/auth.go:34.16,37.3 2 1
github.com/go-park-mail-ru/2023_2_Umlaut/pkg/handler/auth.go:38.2,39.16 2 1
github.com/go-park-mail-ru/2023_2_Umlaut/pkg/handler/auth.go:39.16,42.3 2 1
github.com/go-park-mail-ru/2023_2_Umlaut/pkg/handler/auth.go:43.2,44.44 2 1
github.com/go-park-mail-ru/2023_2_Umlaut/pkg/handler/auth.go:55.66,57.38 2 1
github.com/go-park-mail-ru/2023_2_Umlaut/pkg/handler/auth.go:57.38,60.3 2 1
github.com/go-park-mail-ru/2023_2_Umlaut/pkg/handler/auth.go:61.2,61.89 1 1
github.com/go-park-mail-ru/2023_2_Umlaut/pkg/handler/auth.go:61.89,64.3 2 1
github.com/go-park-mail-ru/2023_2_Umlaut/pkg/handler/auth.go:65.2,69.44 4 1
github.com/go-park-mail-ru/2023_2_Umlaut/pkg/handler/auth.go:81.66,84.47 3 1
github.com/go-park-mail-ru/2023_2_Umlaut/pkg/handler/auth.go:84.47,87.3 2 1
github.com/go-park-mail-ru/2023_2_Umlaut/pkg/handler/auth.go:89.2,89.66 1 1
github.com/go-park-mail-ru/2023_2_Umlaut/pkg/handler/auth.go:89.66,92.3 2 1
github.com/go-park-mail-ru/2023_2_Umlaut/pkg/handler/auth.go:94.2,97.16 3 1
github.com/go-park-mail-ru/2023_2_Umlaut/pkg/handler/auth.go:97.16,100.3 2 1
github.com/go-park-mail-ru/2023_2_Umlaut/pkg/handler/auth.go:102.2,103.16 2 1
github.com/go-park-mail-ru/2023_2_Umlaut/pkg/handler/auth.go:103.16,106.3 2 1
github.com/go-park-mail-ru/2023_2_Umlaut/pkg/handler/auth.go:107.2,109.60 2 1
github.com/go-park-mail-ru/2023_2_Umlaut/pkg/handler/auth.go:112.44,122.2 1 1
github.com/go-park-mail-ru/2023_2_Umlaut/pkg/handler/dialog.go:15.70,19.16 3 1
github.com/go-park-mail-ru/2023_2_Umlaut/pkg/handler/dialog.go:19.16,22.3 2 1
github.com/go-park-mail-ru/2023_2_Umlaut/pkg/handler/dialog.go:24.2,24.54 1 1
github.com/go-park-mail-ru/2023_2_Umlaut/pkg/handler/feed.go:15.64,17.16 2 1
github.com/go-park-mail-ru/2023_2_Umlaut/pkg/handler/feed.go:17.16,20.3 2 1
github.com/go-park-mail-ru/2023_2_Umlaut/pkg/handler/feed.go:21.2,21.50 1 1
github.com/go-park-mail-ru/2023_2_Umlaut/pkg/handler/feed.go:31.72,33.16 2 1
github.com/go-park-mail-ru/2023_2_Umlaut/pkg/handler/feed.go:33.16,36.3 2 1
github.com/go-park-mail-ru/2023_2_Umlaut/pkg/handler/feed.go:38.2,38.56 1 1
github.com/go-park-mail-ru/2023_2_Umlaut/pkg/handler/jwt_token.go:15.65,17.2 1 1
github.com/go-park-mail-ru/2023_2_Umlaut/pkg/handler/jwt_token.go:25.84,36.2 3 1
github.com/go-park-mail-ru/2023_2_Umlaut/pkg/handler/jwt_token.go:38.78,40.36 2 0
github.com/go-park-mail-ru/2023_2_Umlaut/pkg/handler/jwt_token.go:40.36,42.3 1 0
github.com/go-park-mail-ru/2023_2_Umlaut/pkg/handler/jwt_token.go:43.2,43.23 1 0
github.com/go-park-mail-ru/2023_2_Umlaut/pkg/handler/jwt_token.go:46.72,49.16 3 0
github.com/go-park-mail-ru/2023_2_Umlaut/pkg/handler/jwt_token.go:49.16,51.3 1 0
github.com/go-park-mail-ru/2023_2_Umlaut/pkg/handler/jwt_token.go:52.2,52.28 1 0
github.com/go-park-mail-ru/2023_2_Umlaut/pkg/handler/jwt_token.go:52.28,54.3 1 0
github.com/go-park-mail-ru/2023_2_Umlaut/pkg/handler/jwt_token.go:55.2,55.92 1 0
github.com/go-park-mail-ru/2023_2_Umlaut/pkg/handler/like.go:19.70,22.46 3 1
github.com/go-park-mail-ru/2023_2_Umlaut/pkg/handler/like.go:22.46,25.3 2 1
github.com/go-park-mail-ru/2023_2_Umlaut/pkg/handler/like.go:26.2,30.16 4 1
github.com/go-park-mail-ru/2023_2_Umlaut/pkg/handler/like.go:30.16,31.42 1 1
github.com/go-park-mail-ru/2023_2_Umlaut/pkg/handler/like.go:31.42,34.4 2 1
github.com/go-park-mail-ru/2023_2_Umlaut/pkg/handler/like.go:35.3,35.39 1 1
github.com/go-park-mail-ru/2023_2_Umlaut/pkg/handler/like.go:35.39,38.4 2 1
github.com/go-park-mail-ru/2023_2_Umlaut/pkg/handler/like.go:39.3,40.9 2 1
github.com/go-park-mail-ru/2023_2_Umlaut/pkg/handler/like.go:42.2,42.44 1 1
github.com/go-park-mail-ru/2023_2_Umlaut/pkg/handler/tag.go:13.70,15.16 2 1
github.com/go-park-mail-ru/2023_2_Umlaut/pkg/handler/tag.go:15.16,18.3 2 1
github.com/go-park-mail-ru/2023_2_Umlaut/pkg/handler/tag.go:20.2,20.51 1 1
github.com/go-park-mail-ru/2023_2_Umlaut/pkg/handler/user.go:23.64,26.16 3 1
github.com/go-park-mail-ru/2023_2_Umlaut/pkg/handler/user.go:26.16,29.3 2 1
github.com/go-park-mail-ru/2023_2_Umlaut/pkg/handler/user.go:31.2,34.16 4 1
github.com/go-park-mail-ru/2023_2_Umlaut/pkg/handler/user.go:34.16,37.3 2 0
github.com/go-park-mail-ru/2023_2_Umlaut/pkg/handler/user.go:38.2,41.53 3 1
github.com/go-park-mail-ru/2023_2_Umlaut/pkg/handler/user.go:53.70,56.46 3 1
github.com/go-park-mail-ru/2023_2_Umlaut/pkg/handler/user.go:56.46,59.3 2 1
github.com/go-park-mail-ru/2023_2_Umlaut/pkg/handler/user.go:61.2,63.16 3 1
github.com/go-park-mail-ru/2023_2_Umlaut/pkg/handler/user.go:63.16,64.42 1 1
github.com/go-park-mail-ru/2023_2_Umlaut/pkg/handler/user.go:64.42,67.4 2 1
github.com/go-park-mail-ru/2023_2_Umlaut/pkg/handler/user.go:68.3,68.40 1 1
github.com/go-park-mail-ru/2023_2_Umlaut/pkg/handler/user.go:68.40,71.4 2 1
github.com/go-park-mail-ru/2023_2_Umlaut/pkg/handler/user.go:72.3,73.9 2 1
github.com/go-park-mail-ru/2023_2_Umlaut/pkg/handler/user.go:76.2,76.53 1 1
github.com/go-park-mail-ru/2023_2_Umlaut/pkg/handler/user.go:87.75,91.16 4 1
github.com/go-park-mail-ru/2023_2_Umlaut/pkg/handler/user.go:91.16,94.3 2 1
github.com/go-park-mail-ru/2023_2_Umlaut/pkg/handler/user.go:95.2,98.16 3 0
github.com/go-park-mail-ru/2023_2_Umlaut/pkg/handler/user.go:98.16,101.3 2 0
github.com/go-park-mail-ru/2023_2_Umlaut/pkg/handler/user.go:102.2,102.34 1 0
github.com/go-park-mail-ru/2023_2_Umlaut/pkg/handler/user.go:102.34,104.17 2 0
github.com/go-park-mail-ru/2023_2_Umlaut/pkg/handler/user.go:104.17,107.4 2 0
github.com/go-park-mail-ru/2023_2_Umlaut/pkg/handler/user.go:110.2,111.16 2 0
github.com/go-park-mail-ru/2023_2_Umlaut/pkg/handler/user.go:111.16,114.3 2 0
github.com/go-park-mail-ru/2023_2_Umlaut/pkg/handler/user.go:115.2,115.44 1 0
github.com/go-park-mail-ru/2023_2_Umlaut/pkg/handler/user.go:125.72,127.16 2 0
github.com/go-park-mail-ru/2023_2_Umlaut/pkg/handler/user.go:127.16,130.3 2 0
github.com/go-park-mail-ru/2023_2_Umlaut/pkg/handler/user.go:132.2,133.16 2 0
github.com/go-park-mail-ru/2023_2_Umlaut/pkg/handler/user.go:133.16,136.3 2 0
github.com/go-park-mail-ru/2023_2_Umlaut/pkg/handler/user.go:138.2,138.34 1 0
github.com/go-park-mail-ru/2023_2_Umlaut/pkg/handler/user.go:138.34,141.3 2 0
github.com/go-park-mail-ru/2023_2_Umlaut/pkg/handler/user.go:142.2,143.16 2 0
github.com/go-park-mail-ru/2023_2_Umlaut/pkg/handler/user.go:143.16,146.3 2 0
github.com/go-park-mail-ru/2023_2_Umlaut/pkg/handler/user.go:148.2,152.17 5 0
github.com/go-park-mail-ru/2023_2_Umlaut/pkg/handler/user.go:161.75,164.16 3 1
github.com/go-park-mail-ru/2023_2_Umlaut/pkg/handler/user.go:164.16,167.3 2 1
github.com/go-park-mail-ru/2023_2_Umlaut/pkg/handler/user.go:169.2,169.34 1 1
github.com/go-park-mail-ru/2023_2_Umlaut/pkg/handler/user.go:169.34,172.3 2 1
github.com/go-park-mail-ru/2023_2_Umlaut/pkg/handler/user.go:173.2,174.16 2 1
github.com/go-park-mail-ru/2023_2_Umlaut/pkg/handler/user.go:174.16,177.3 2 1
github.com/go-park-mail-ru/2023_2_Umlaut/pkg/handler/user.go:178.2,178.44 1 1
github.com/go-park-mail-ru/2023_2_Umlaut/pkg/repository/minio.go:15.62,20.16 2 0
github.com/go-park-mail-ru/2023_2_Umlaut/pkg/repository/minio.go:20.16,22.3 1 0
github.com/go-park-mail-ru/2023_2_Umlaut/pkg/repository/minio.go:24.2,24.20 1 0
github.com/go-park-mail-ru/2023_2_Umlaut/pkg/repository/minio_provider.go:16.60,18.2 1 0
github.com/go-park-mail-ru/2023_2_Umlaut/pkg/repository/minio_provider.go:20.133,29.16 2 0
github.com/go-park-mail-ru/2023_2_Umlaut/pkg/repository/minio_provider.go:29.16,31.3 1 0
github.com/go-park-mail-ru/2023_2_Umlaut/pkg/repository/minio_provider.go:32.2,32.12 1 0
github.com/go-park-mail-ru/2023_2_Umlaut/pkg/repository/minio_provider.go:35.107,42.16 2 0
github.com/go-park-mail-ru/2023_2_Umlaut/pkg/repository/minio_provider.go:42.16,44.3 1 0
github.com/go-park-mail-ru/2023_2_Umlaut/pkg/repository/minio_provider.go:45.2,48.16 3 0
github.com/go-park-mail-ru/2023_2_Umlaut/pkg/repository/minio_provider.go:48.16,50.3 1 0
github.com/go-park-mail-ru/2023_2_Umlaut/pkg/repository/minio_provider.go:51.2,53.33 3 0
github.com/go-park-mail-ru/2023_2_Umlaut/pkg/repository/minio_provider.go:53.33,55.3 1 0
github.com/go-park-mail-ru/2023_2_Umlaut/pkg/repository/minio_provider.go:57.2,57.44 1 0
github.com/go-park-mail-ru/2023_2_Umlaut/pkg/repository/minio_provider.go:60.92,62.16 2 0
github.com/go-park-mail-ru/2023_2_Umlaut/pkg/repository/minio_provider.go:62.16,64.3 1 0
github.com/go-park-mail-ru/2023_2_Umlaut/pkg/repository/minio_provider.go:66.2,66.12 1 0
github.com/go-park-mail-ru/2023_2_Umlaut/pkg/repository/minio_provider.go:69.84,71.16 2 0
github.com/go-park-mail-ru/2023_2_Umlaut/pkg/repository/minio_provider.go:71.16,73.3 1 0
github.com/go-park-mail-ru/2023_2_Umlaut/pkg/repository/minio_provider.go:74.2,74.12 1 0
github.com/go-park-mail-ru/2023_2_Umlaut/pkg/repository/minio_provider.go:74.12,76.3 1 0
github.com/go-park-mail-ru/2023_2_Umlaut/pkg/repository/minio_provider.go:77.2,78.16 2 0
github.com/go-park-mail-ru/2023_2_Umlaut/pkg/repository/minio_provider.go:78.16,80.3 1 0
github.com/go-park-mail-ru/2023_2_Umlaut/pkg/repository/minio_provider.go:81.2,81.12 1 0
github.com/go-park-mail-ru/2023_2_Umlaut/pkg/repository/redis.go:15.61,23.16 3 0
github.com/go-park-mail-ru/2023_2_Umlaut/pkg/repository/redis.go:23.16,25.3 1 0
github.com/go-park-mail-ru/2023_2_Umlaut/pkg/repository/redis.go:26.2,26.20 1 0
github.com/go-park-mail-ru/2023_2_Umlaut/pkg/repository/redis_store.go:15.54,17.2 1 0
github.com/go-park-mail-ru/2023_2_Umlaut/pkg/repository/redis_store.go:19.104,20.67 1 0
github.com/go-park-mail-ru/2023_2_Umlaut/pkg/repository/redis_store.go:20.67,22.3 1 0
github.com/go-park-mail-ru/2023_2_Umlaut/pkg/repository/redis_store.go:23.2,23.12 1 0
github.com/go-park-mail-ru/2023_2_Umlaut/pkg/repository/redis_store.go:26.79,28.16 2 0
github.com/go-park-mail-ru/2023_2_Umlaut/pkg/repository/redis_store.go:28.16,30.3 1 0
github.com/go-park-mail-ru/2023_2_Umlaut/pkg/repository/redis_store.go:31.2,32.16 2 0
github.com/go-park-mail-ru/2023_2_Umlaut/pkg/repository/redis_store.go:32.16,34.3 1 0
github.com/go-park-mail-ru/2023_2_Umlaut/pkg/repository/redis_store.go:35.2,35.20 1 0
github.com/go-park-mail-ru/2023_2_Umlaut/pkg/repository/redis_store.go:38.75,40.16 2 0
github.com/go-park-mail-ru/2023_2_Umlaut/pkg/repository/redis_store.go:40.16,42.3 1 0
github.com/go-park-mail-ru/2023_2_Umlaut/pkg/repository/redis_store.go:43.2,43.12 1 0
github.com/go-park-mail-ru/2023_2_Umlaut/pkg/repository/repository.go:63.104,72.2 1 0
github.com/go-park-mail-ru/2023_2_Umlaut/pkg/service/auth.go:20.88,22.2 1 0
github.com/go-park-mail-ru/2023_2_Umlaut/pkg/service/auth.go:24.85,25.21 1 0
github.com/go-park-mail-ru/2023_2_Umlaut/pkg/service/auth.go:25.21,27.3 1 0
github.com/go-park-mail-ru/2023_2_Umlaut/pkg/service/auth.go:28.2,31.41 4 0
github.com/go-park-mail-ru/2023_2_Umlaut/pkg/service/auth.go:31.41,33.3 1 0
github.com/go-park-mail-ru/2023_2_Umlaut/pkg/service/auth.go:34.2,34.16 1 0
github.com/go-park-mail-ru/2023_2_Umlaut/pkg/service/auth.go:37.95,39.16 2 0
github.com/go-park-mail-ru/2023_2_Umlaut/pkg/service/auth.go:39.16,41.3 1 0
github.com/go-park-mail-ru/2023_2_Umlaut/pkg/service/auth.go:42.2,42.68 1 0
github.com/go-park-mail-ru/2023_2_Umlaut/pkg/service/auth.go:42.68,44.3 1 0
github.com/go-park-mail-ru/2023_2_Umlaut/pkg/service/auth.go:45.2,47.18 2 0
github.com/go-park-mail-ru/2023_2_Umlaut/pkg/service/auth.go:50.83,52.75 2 0
github.com/go-park-mail-ru/2023_2_Umlaut/pkg/service/auth.go:52.75,54.3 1 0
github.com/go-park-mail-ru/2023_2_Umlaut/pkg/service/auth.go:56.2,56.17 1 0
github.com/go-park-mail-ru/2023_2_Umlaut/pkg/service/auth.go:59.79,60.64 1 0
github.com/go-park-mail-ru/2023_2_Umlaut/pkg/service/auth.go:60.64,62.3 1 0
github.com/go-park-mail-ru/2023_2_Umlaut/pkg/service/auth.go:64.2,64.12 1 0
github.com/go-park-mail-ru/2023_2_Umlaut/pkg/service/auth.go:67.89,69.16 2 0
github.com/go-park-mail-ru/2023_2_Umlaut/pkg/service/auth.go:69.16,71.3 1 0
github.com/go-park-mail-ru/2023_2_Umlaut/pkg/service/auth.go:73.2,73.16 1 0
github.com/go-park-mail-ru/2023_2_Umlaut/pkg/service/auth.go:76.57,81.2 3 0
github.com/go-park-mail-ru/2023_2_Umlaut/pkg/service/auth.go:83.28,85.2 1 0
github.com/go-park-mail-ru/2023_2_Umlaut/pkg/service/dialog.go:14.68,16.2 1 0
github.com/go-park-mail-ru/2023_2_Umlaut/pkg/service/dialog.go:18.93,20.2 1 0
github.com/go-park-mail-ru/2023_2_Umlaut/pkg/service/dialog.go:22.93,24.2 1 0
github.com/go-park-mail-ru/2023_2_Umlaut/pkg/service/feed.go:17.118,19.2 1 0
github.com/go-park-mail-ru/2023_2_Umlaut/pkg/service/feed.go:21.88,23.16 2 0
github.com/go-park-mail-ru/2023_2_Umlaut/pkg/service/feed.go:23.16,25.3 1 0
github.com/go-park-mail-ru/2023_2_Umlaut/pkg/service/feed.go:26.2,27.16 2 0
github.com/go-park-mail-ru/2023_2_Umlaut/pkg/service/feed.go:27.16,29.3 1 0
github.com/go-park-mail-ru/2023_2_Umlaut/pkg/service/feed.go:31.2,32.22 2 0
github.com/go-park-mail-ru/2023_2_Umlaut/pkg/service/feed.go:35.91,37.16 2 0
github.com/go-park-mail-ru/2023_2_Umlaut/pkg/service/feed.go:37.16,39.3 1 0
github.com/go-park-mail-ru/2023_2_Umlaut/pkg/service/feed.go:41.2,42.33 2 0
github.com/go-park-mail-ru/2023_2_Umlaut/pkg/service/feed.go:42.33,43.31 1 0
github.com/go-park-mail-ru/2023_2_Umlaut/pkg/service/feed.go:43.31,45.12 2 0
github.com/go-park-mail-ru/2023_2_Umlaut/pkg/service/feed.go:47.3,47.44 1 0
github.com/go-park-mail-ru/2023_2_Umlaut/pkg/service/feed.go:50.2,51.16 2 0
github.com/go-park-mail-ru/2023_2_Umlaut/pkg/service/feed.go:51.16,53.3 1 0
github.com/go-park-mail-ru/2023_2_Umlaut/pkg/service/feed.go:55.2,56.16 2 0
github.com/go-park-mail-ru/2023_2_Umlaut/pkg/service/feed.go:56.16,58.3 1 0
github.com/go-park-mail-ru/2023_2_Umlaut/pkg/service/feed.go:59.2,59.37 1 0
github.com/go-park-mail-ru/2023_2_Umlaut/pkg/service/feed.go:59.37,61.3 1 0
github.com/go-park-mail-ru/2023_2_Umlaut/pkg/service/feed.go:63.2,63.23 1 0
github.com/go-park-mail-ru/2023_2_Umlaut/pkg/service/like.go:14.90,16.2 1 0
github.com/go-park-mail-ru/2023_2_Umlaut/pkg/service/like.go:18.78,20.16 2 0
github.com/go-park-mail-ru/2023_2_Umlaut/pkg/service/like.go:20.16,22.3 1 0
github.com/go-park-mail-ru/2023_2_Umlaut/pkg/service/like.go:23.2,23.12 1 0
github.com/go-park-mail-ru/2023_2_Umlaut/pkg/service/like.go:23.12,26.23 3 0
github.com/go-park-mail-ru/2023_2_Umlaut/pkg/service/like.go:26.23,28.4 1 0
github.com/go-park-mail-ru/2023_2_Umlaut/pkg/service/like.go:29.3,29.26 1 0
github.com/go-park-mail-ru/2023_2_Umlaut/pkg/service/like.go:32.2,33.12 2 0
github.com/go-park-mail-ru/2023_2_Umlaut/pkg/service/tag.go:12.56,14.2 1 0
github.com/go-park-mail-ru/2023_2_Umlaut/pkg/service/tag.go:16.72,18.2 1 0
github.com/go-park-mail-ru/2023_2_Umlaut/pkg/service/user.go:21.121,23.2 1 0
github.com/go-park-mail-ru/2023_2_Umlaut/pkg/service/user.go:25.91,27.16 2 0
github.com/go-park-mail-ru/2023_2_Umlaut/pkg/service/user.go:27.16,29.3 1 0
github.com/go-park-mail-ru/2023_2_Umlaut/pkg/service/user.go:30.2,32.18 2 0
github.com/go-park-mail-ru/2023_2_Umlaut/pkg/service/user.go:35.92,36.29 1 0
github.com/go-park-mail-ru/2023_2_Umlaut/pkg/service/user.go:36.29,37.22 1 0
github.com/go-park-mail-ru/2023_2_Umlaut/pkg/service/user.go:37.22,39.4 1 0
github.com/go-park-mail-ru/2023_2_Umlaut/pkg/service/user.go:40.3,43.17 4 0
github.com/go-park-mail-ru/2023_2_Umlaut/pkg/service/user.go:43.17,45.4 1 0
github.com/go-park-mail-ru/2023_2_Umlaut/pkg/service/user.go:47.2,48.16 2 0
github.com/go-park-mail-ru/2023_2_Umlaut/pkg/service/user.go:48.16,50.3 1 0
github.com/go-park-mail-ru/2023_2_Umlaut/pkg/service/user.go:51.2,53.25 2 0
github.com/go-park-mail-ru/2023_2_Umlaut/pkg/service/user.go:56.116,59.66 3 0
github.com/go-park-mail-ru/2023_2_Umlaut/pkg/service/user.go:59.66,61.3 1 0
github.com/go-park-mail-ru/2023_2_Umlaut/pkg/service/user.go:63.2,64.45 2 0
github.com/go-park-mail-ru/2023_2_Umlaut/pkg/service/user.go:64.45,66.3 1 0
github.com/go-park-mail-ru/2023_2_Umlaut/pkg/service/user.go:67.2,67.43 1 0
github.com/go-park-mail-ru/2023_2_Umlaut/pkg/service/user.go:67.43,69.3 1 0
github.com/go-park-mail-ru/2023_2_Umlaut/pkg/service/user.go:71.2,73.16 3 0
github.com/go-park-mail-ru/2023_2_Umlaut/pkg/service/user.go:73.16,75.3 1 0
github.com/go-park-mail-ru/2023_2_Umlaut/pkg/service/user.go:77.2,78.16 2 0
github.com/go-park-mail-ru/2023_2_Umlaut/pkg/service/user.go:78.16,80.3 1 0
github.com/go-park-mail-ru/2023_2_Umlaut/pkg/service/user.go:83.2,83.22 1 0
github.com/go-park-mail-ru/2023_2_Umlaut/pkg/service/user.go:86.105,91.2 3 0
github.com/go-park-mail-ru/2023_2_Umlaut/pkg/service/user.go:93.90,96.16 3 0
github.com/go-park-mail-ru/2023_2_Umlaut/pkg/service/user.go:96.16,98.3 1 0
github.com/go-park-mail-ru/2023_2_Umlaut/pkg/service/user.go:100.2,101.16 2 0
github.com/go-park-mail-ru/2023_2_Umlaut/pkg/service/user.go:101.16,103.3 1 0
github.com/go-park-mail-ru/2023_2_Umlaut/pkg/service/user.go:105.2,105.12 1 0
github.com/go-park-mail-ru/2023_2_Umlaut/pkg/service/user.go:108.33,110.2 1 0
github.com/go-park-mail-ru/2023_2_Umlaut/pkg/service/user.go:112.39,114.2 1 0
github.com/go-park-mail-ru/2023_2_Umlaut/pkg/repository/minio.go:15.62,20.16 2 0
github.com/go-park-mail-ru/2023_2_Umlaut/pkg/repository/minio.go:20.16,22.3 1 0
github.com/go-park-mail-ru/2023_2_Umlaut/pkg/repository/minio.go:24.2,24.20 1 0
github.com/go-park-mail-ru/2023_2_Umlaut/pkg/repository/minio_provider.go:16.60,18.2 1 0
github.com/go-park-mail-ru/2023_2_Umlaut/pkg/repository/minio_provider.go:20.133,29.16 2 0
github.com/go-park-mail-ru/2023_2_Umlaut/pkg/repository/minio_provider.go:29.16,31.3 1 0
github.com/go-park-mail-ru/2023_2_Umlaut/pkg/repository/minio_provider.go:32.2,32.12 1 0
github.com/go-park-mail-ru/2023_2_Umlaut/pkg/repository/minio_provider.go:35.107,42.16 2 0
github.com/go-park-mail-ru/2023_2_Umlaut/pkg/repository/minio_provider.go:42.16,44.3 1 0
github.com/go-park-mail-ru/2023_2_Umlaut/pkg/repository/minio_provider.go:45.2,48.16 3 0
github.com/go-park-mail-ru/2023_2_Umlaut/pkg/repository/minio_provider.go:48.16,50.3 1 0
github.com/go-park-mail-ru/2023_2_Umlaut/pkg/repository/minio_provider.go:51.2,53.33 3 0
github.com/go-park-mail-ru/2023_2_Umlaut/pkg/repository/minio_provider.go:53.33,55.3 1 0
github.com/go-park-mail-ru/2023_2_Umlaut/pkg/repository/minio_provider.go:57.2,57.44 1 0
github.com/go-park-mail-ru/2023_2_Umlaut/pkg/repository/minio_provider.go:60.92,62.16 2 0
github.com/go-park-mail-ru/2023_2_Umlaut/pkg/repository/minio_provider.go:62.16,64.3 1 0
github.com/go-park-mail-ru/2023_2_Umlaut/pkg/repository/minio_provider.go:66.2,66.12 1 0
github.com/go-park-mail-ru/2023_2_Umlaut/pkg/repository/minio_provider.go:69.84,71.16 2 0
github.com/go-park-mail-ru/2023_2_Umlaut/pkg/repository/minio_provider.go:71.16,73.3 1 0
github.com/go-park-mail-ru/2023_2_Umlaut/pkg/repository/minio_provider.go:74.2,74.12 1 0
github.com/go-park-mail-ru/2023_2_Umlaut/pkg/repository/minio_provider.go:74.12,76.3 1 0
github.com/go-park-mail-ru/2023_2_Umlaut/pkg/repository/minio_provider.go:77.2,78.16 2 0
github.com/go-park-mail-ru/2023_2_Umlaut/pkg/repository/minio_provider.go:78.16,80.3 1 0
github.com/go-park-mail-ru/2023_2_Umlaut/pkg/repository/minio_provider.go:81.2,81.12 1 0
github.com/go-park-mail-ru/2023_2_Umlaut/pkg/repository/redis.go:15.61,23.16 3 1
github.com/go-park-mail-ru/2023_2_Umlaut/pkg/repository/redis.go:23.16,25.3 1 1
github.com/go-park-mail-ru/2023_2_Umlaut/pkg/repository/redis.go:26.2,26.20 1 1
github.com/go-park-mail-ru/2023_2_Umlaut/pkg/repository/redis_store.go:15.54,17.2 1 1
github.com/go-park-mail-ru/2023_2_Umlaut/pkg/repository/redis_store.go:19.104,20.67 1 1
github.com/go-park-mail-ru/2023_2_Umlaut/pkg/repository/redis_store.go:20.67,22.3 1 0
github.com/go-park-mail-ru/2023_2_Umlaut/pkg/repository/redis_store.go:23.2,23.12 1 1
github.com/go-park-mail-ru/2023_2_Umlaut/pkg/repository/redis_store.go:26.79,28.16 2 1
github.com/go-park-mail-ru/2023_2_Umlaut/pkg/repository/redis_store.go:28.16,30.3 1 0
github.com/go-park-mail-ru/2023_2_Umlaut/pkg/repository/redis_store.go:31.2,32.16 2 1
github.com/go-park-mail-ru/2023_2_Umlaut/pkg/repository/redis_store.go:32.16,34.3 1 0
github.com/go-park-mail-ru/2023_2_Umlaut/pkg/repository/redis_store.go:35.2,35.20 1 1
github.com/go-park-mail-ru/2023_2_Umlaut/pkg/repository/redis_store.go:38.75,40.16 2 1
github.com/go-park-mail-ru/2023_2_Umlaut/pkg/repository/redis_store.go:40.16,42.3 1 0
github.com/go-park-mail-ru/2023_2_Umlaut/pkg/repository/redis_store.go:43.2,43.12 1 1
github.com/go-park-mail-ru/2023_2_Umlaut/pkg/repository/repository.go:63.104,72.2 1 0
github.com/go-park-mail-ru/2023_2_Umlaut/pkg/repository/minio.go:15.62,20.16 2 0
github.com/go-park-mail-ru/2023_2_Umlaut/pkg/repository/minio.go:20.16,22.3 1 0
github.com/go-park-mail-ru/2023_2_Umlaut/pkg/repository/minio.go:24.2,24.20 1 0
github.com/go-park-mail-ru/2023_2_Umlaut/pkg/repository/minio_provider.go:16.60,18.2 1 0
github.com/go-park-mail-ru/2023_2_Umlaut/pkg/repository/minio_provider.go:20.133,29.16 2 0
github.com/go-park-mail-ru/2023_2_Umlaut/pkg/repository/minio_provider.go:29.16,31.3 1 0
github.com/go-park-mail-ru/2023_2_Umlaut/pkg/repository/minio_provider.go:32.2,32.12 1 0
github.com/go-park-mail-ru/2023_2_Umlaut/pkg/repository/minio_provider.go:35.107,42.16 2 0
github.com/go-park-mail-ru/2023_2_Umlaut/pkg/repository/minio_provider.go:42.16,44.3 1 0
github.com/go-park-mail-ru/2023_2_Umlaut/pkg/repository/minio_provider.go:45.2,48.16 3 0
github.com/go-park-mail-ru/2023_2_Umlaut/pkg/repository/minio_provider.go:48.16,50.3 1 0
github.com/go-park-mail-ru/2023_2_Umlaut/pkg/repository/minio_provider.go:51.2,53.33 3 0
github.com/go-park-mail-ru/2023_2_Umlaut/pkg/repository/minio_provider.go:53.33,55.3 1 0
github.com/go-park-mail-ru/2023_2_Umlaut/pkg/repository/minio_provider.go:57.2,57.44 1 0
github.com/go-park-mail-ru/2023_2_Umlaut/pkg/repository/minio_provider.go:60.92,62.16 2 0
github.com/go-park-mail-ru/2023_2_Umlaut/pkg/repository/minio_provider.go:62.16,64.3 1 0
github.com/go-park-mail-ru/2023_2_Umlaut/pkg/repository/minio_provider.go:66.2,66.12 1 0
github.com/go-park-mail-ru/2023_2_Umlaut/pkg/repository/minio_provider.go:69.84,71.16 2 0
github.com/go-park-mail-ru/2023_2_Umlaut/pkg/repository/minio_provider.go:71.16,73.3 1 0
github.com/go-park-mail-ru/2023_2_Umlaut/pkg/repository/minio_provider.go:74.2,74.12 1 0
github.com/go-park-mail-ru/2023_2_Umlaut/pkg/repository/minio_provider.go:74.12,76.3 1 0
github.com/go-park-mail-ru/2023_2_Umlaut/pkg/repository/minio_provider.go:77.2,78.16 2 0
github.com/go-park-mail-ru/2023_2_Umlaut/pkg/repository/minio_provider.go:78.16,80.3 1 0
github.com/go-park-mail-ru/2023_2_Umlaut/pkg/repository/minio_provider.go:81.2,81.12 1 0
github.com/go-park-mail-ru/2023_2_Umlaut/pkg/repository/redis.go:15.61,23.16 3 0
github.com/go-park-mail-ru/2023_2_Umlaut/pkg/repository/redis.go:23.16,25.3 1 0
github.com/go-park-mail-ru/2023_2_Umlaut/pkg/repository/redis.go:26.2,26.20 1 0
github.com/go-park-mail-ru/2023_2_Umlaut/pkg/repository/redis_store.go:15.54,17.2 1 0
github.com/go-park-mail-ru/2023_2_Umlaut/pkg/repository/redis_store.go:19.104,20.67 1 0
github.com/go-park-mail-ru/2023_2_Umlaut/pkg/repository/redis_store.go:20.67,22.3 1 0
github.com/go-park-mail-ru/2023_2_Umlaut/pkg/repository/redis_store.go:23.2,23.12 1 0
github.com/go-park-mail-ru/2023_2_Umlaut/pkg/repository/redis_store.go:26.79,28.16 2 0
github.com/go-park-mail-ru/2023_2_Umlaut/pkg/repository/redis_store.go:28.16,30.3 1 0
github.com/go-park-mail-ru/2023_2_Umlaut/pkg/repository/redis_store.go:31.2,32.16 2 0
github.com/go-park-mail-ru/2023_2_Umlaut/pkg/repository/redis_store.go:32.16,34.3 1 0
github.com/go-park-mail-ru/2023_2_Umlaut/pkg/repository/redis_store.go:35.2,35.20 1 0
github.com/go-park-mail-ru/2023_2_Umlaut/pkg/repository/redis_store.go:38.75,40.16 2 0
github.com/go-park-mail-ru/2023_2_Umlaut/pkg/repository/redis_store.go:40.16,42.3 1 0
github.com/go-park-mail-ru/2023_2_Umlaut/pkg/repository/redis_store.go:43.2,43.12 1 0
github.com/go-park-mail-ru/2023_2_Umlaut/pkg/repository/repository.go:63.104,72.2 1 0
github.com/go-park-mail-ru/2023_2_Umlaut/pkg/service/auth.go:20.88,22.2 1 0
github.com/go-park-mail-ru/2023_2_Umlaut/pkg/service/auth.go:24.85,25.21 1 1
github.com/go-park-mail-ru/2023_2_Umlaut/pkg/service/auth.go:25.21,27.3 1 0
github.com/go-park-mail-ru/2023_2_Umlaut/pkg/service/auth.go:28.2,31.41 4 1
github.com/go-park-mail-ru/2023_2_Umlaut/pkg/service/auth.go:31.41,33.3 1 1
github.com/go-park-mail-ru/2023_2_Umlaut/pkg/service/auth.go:34.2,34.16 1 1
github.com/go-park-mail-ru/2023_2_Umlaut/pkg/service/auth.go:37.95,39.16 2 1
github.com/go-park-mail-ru/2023_2_Umlaut/pkg/service/auth.go:39.16,41.3 1 1
github.com/go-park-mail-ru/2023_2_Umlaut/pkg/service/auth.go:42.2,42.68 1 1
github.com/go-park-mail-ru/2023_2_Umlaut/pkg/service/auth.go:42.68,44.3 1 1
github.com/go-park-mail-ru/2023_2_Umlaut/pkg/service/auth.go:45.2,47.18 2 0
github.com/go-park-mail-ru/2023_2_Umlaut/pkg/service/auth.go:50.83,52.75 2 1
github.com/go-park-mail-ru/2023_2_Umlaut/pkg/service/auth.go:52.75,54.3 1 1
github.com/go-park-mail-ru/2023_2_Umlaut/pkg/service/auth.go:56.2,56.17 1 1
github.com/go-park-mail-ru/2023_2_Umlaut/pkg/service/auth.go:59.79,60.64 1 1
github.com/go-park-mail-ru/2023_2_Umlaut/pkg/service/auth.go:60.64,62.3 1 1
github.com/go-park-mail-ru/2023_2_Umlaut/pkg/service/auth.go:64.2,64.12 1 1
github.com/go-park-mail-ru/2023_2_Umlaut/pkg/service/auth.go:67.89,69.16 2 1
github.com/go-park-mail-ru/2023_2_Umlaut/pkg/service/auth.go:69.16,71.3 1 1
github.com/go-park-mail-ru/2023_2_Umlaut/pkg/service/auth.go:73.2,73.16 1 1
github.com/go-park-mail-ru/2023_2_Umlaut/pkg/service/auth.go:76.57,81.2 3 1
github.com/go-park-mail-ru/2023_2_Umlaut/pkg/service/auth.go:83.28,85.2 1 1
github.com/go-park-mail-ru/2023_2_Umlaut/pkg/service/dialog.go:14.68,16.2 1 0
github.com/go-park-mail-ru/2023_2_Umlaut/pkg/service/dialog.go:18.93,20.2 1 1
github.com/go-park-mail-ru/2023_2_Umlaut/pkg/service/dialog.go:22.93,24.2 1 1
github.com/go-park-mail-ru/2023_2_Umlaut/pkg/service/feed.go:17.118,19.2 1 0
github.com/go-park-mail-ru/2023_2_Umlaut/pkg/service/feed.go:21.88,23.16 2 1
github.com/go-park-mail-ru/2023_2_Umlaut/pkg/service/feed.go:23.16,25.3 1 1
github.com/go-park-mail-ru/2023_2_Umlaut/pkg/service/feed.go:26.2,27.16 2 1
github.com/go-park-mail-ru/2023_2_Umlaut/pkg/service/feed.go:27.16,29.3 1 1
github.com/go-park-mail-ru/2023_2_Umlaut/pkg/service/feed.go:31.2,32.22 2 1
github.com/go-park-mail-ru/2023_2_Umlaut/pkg/service/feed.go:35.91,37.16 2 1
github.com/go-park-mail-ru/2023_2_Umlaut/pkg/service/feed.go:37.16,39.3 1 1
github.com/go-park-mail-ru/2023_2_Umlaut/pkg/service/feed.go:41.2,42.33 2 1
github.com/go-park-mail-ru/2023_2_Umlaut/pkg/service/feed.go:42.33,43.31 1 1
github.com/go-park-mail-ru/2023_2_Umlaut/pkg/service/feed.go:43.31,45.12 2 1
github.com/go-park-mail-ru/2023_2_Umlaut/pkg/service/feed.go:47.3,47.44 1 0
github.com/go-park-mail-ru/2023_2_Umlaut/pkg/service/feed.go:50.2,51.16 2 1
github.com/go-park-mail-ru/2023_2_Umlaut/pkg/service/feed.go:51.16,53.3 1 1
github.com/go-park-mail-ru/2023_2_Umlaut/pkg/service/feed.go:55.2,56.16 2 1
github.com/go-park-mail-ru/2023_2_Umlaut/pkg/service/feed.go:56.16,58.3 1 1
github.com/go-park-mail-ru/2023_2_Umlaut/pkg/service/feed.go:59.2,59.37 1 1
github.com/go-park-mail-ru/2023_2_Umlaut/pkg/service/feed.go:59.37,61.3 1 1
github.com/go-park-mail-ru/2023_2_Umlaut/pkg/service/feed.go:63.2,63.23 1 1
github.com/go-park-mail-ru/2023_2_Umlaut/pkg/service/like.go:14.90,16.2 1 0
github.com/go-park-mail-ru/2023_2_Umlaut/pkg/service/like.go:18.78,20.16 2 1
github.com/go-park-mail-ru/2023_2_Umlaut/pkg/service/like.go:20.16,22.3 1 1
github.com/go-park-mail-ru/2023_2_Umlaut/pkg/service/like.go:23.2,23.12 1 1
github.com/go-park-mail-ru/2023_2_Umlaut/pkg/service/like.go:23.12,26.23 3 1
github.com/go-park-mail-ru/2023_2_Umlaut/pkg/service/like.go:26.23,28.4 1 1
github.com/go-park-mail-ru/2023_2_Umlaut/pkg/service/like.go:29.3,29.26 1 1
github.com/go-park-mail-ru/2023_2_Umlaut/pkg/service/like.go:32.2,33.12 2 1
github.com/go-park-mail-ru/2023_2_Umlaut/pkg/service/tag.go:12.56,14.2 1 0
github.com/go-park-mail-ru/2023_2_Umlaut/pkg/service/tag.go:16.72,18.2 1 1
github.com/go-park-mail-ru/2023_2_Umlaut/pkg/service/user.go:21.121,23.2 1 0
github.com/go-park-mail-ru/2023_2_Umlaut/pkg/service/user.go:25.91,27.16 2 1
github.com/go-park-mail-ru/2023_2_Umlaut/pkg/service/user.go:27.16,29.3 1 1
github.com/go-park-mail-ru/2023_2_Umlaut/pkg/service/user.go:30.2,32.18 2 1
github.com/go-park-mail-ru/2023_2_Umlaut/pkg/service/user.go:35.92,36.29 1 1
github.com/go-park-mail-ru/2023_2_Umlaut/pkg/service/user.go:36.29,37.22 1 1
github.com/go-park-mail-ru/2023_2_Umlaut/pkg/service/user.go:37.22,39.4 1 1
github.com/go-park-mail-ru/2023_2_Umlaut/pkg/service/user.go:40.3,43.17 4 1
github.com/go-park-mail-ru/2023_2_Umlaut/pkg/service/user.go:43.17,45.4 1 1
github.com/go-park-mail-ru/2023_2_Umlaut/pkg/service/user.go:47.2,48.16 2 1
github.com/go-park-mail-ru/2023_2_Umlaut/pkg/service/user.go:48.16,50.3 1 1
github.com/go-park-mail-ru/2023_2_Umlaut/pkg/service/user.go:51.2,53.25 2 1
github.com/go-park-mail-ru/2023_2_Umlaut/pkg/service/user.go:56.116,59.66 3 0
github.com/go-park-mail-ru/2023_2_Umlaut/pkg/service/user.go:59.66,61.3 1 0
github.com/go-park-mail-ru/2023_2_Umlaut/pkg/service/user.go:63.2,64.45 2 0
github.com/go-park-mail-ru/2023_2_Umlaut/pkg/service/user.go:64.45,66.3 1 0
github.com/go-park-mail-ru/2023_2_Umlaut/pkg/service/user.go:67.2,67.43 1 0
github.com/go-park-mail-ru/2023_2_Umlaut/pkg/service/user.go:67.43,69.3 1 0
github.com/go-park-mail-ru/2023_2_Umlaut/pkg/service/user.go:71.2,73.16 3 0
github.com/go-park-mail-ru/2023_2_Umlaut/pkg/service/user.go:73.16,75.3 1 0
github.com/go-park-mail-ru/2023_2_Umlaut/pkg/service/user.go:77.2,78.16 2 0
github.com/go-park-mail-ru/2023_2_Umlaut/pkg/service/user.go:78.16,80.3 1 0
github.com/go-park-mail-ru/2023_2_Umlaut/pkg/service/user.go:83.2,83.22 1 0
github.com/go-park-mail-ru/2023_2_Umlaut/pkg/service/user.go:86.105,91.2 3 1
github.com/go-park-mail-ru/2023_2_Umlaut/pkg/service/user.go:93.90,96.16 3 1
github.com/go-park-mail-ru/2023_2_Umlaut/pkg/service/user.go:96.16,98.3 1 1
github.com/go-park-mail-ru/2023_2_Umlaut/pkg/service/user.go:100.2,101.16 2 1
github.com/go-park-mail-ru/2023_2_Umlaut/pkg/service/user.go:101.16,103.3 1 1
github.com/go-park-mail-ru/2023_2_Umlaut/pkg/service/user.go:105.2,105.12 1 1
github.com/go-park-mail-ru/2023_2_Umlaut/pkg/service/user.go:108.33,110.2 1 0
github.com/go-park-mail-ru/2023_2_Umlaut/pkg/service/user.go:112.39,114.2 1 1
